Using pre-set license
Built from '2020.3/staging' branch; Version is '2020.3.9f1 (108be757e447) revision 1084391'; Using compiler version '192528614'; Build Type 'Release'
OS: 'Windows 10 Pro; OS build 19042.985; Version 2009; 64bit' Language: 'ja' Physical Memory: 16273 MB
BatchMode: 1, IsHumanControllingUs: 0, StartBugReporterOnCrash: 0, Is64bit: 1, IsPro: 0

 COMMAND LINE ARGUMENTS:
C:\Program Files\Unity\Hub\Editor\2020.3.9f1\Editor\Unity.exe
-adb2
-batchMode
-noUpm
-name
AssetImportWorker0
-projectPath
C:/Users/Studio 001/Documents/Unity/Nekototantei
-logFile
Logs/AssetImportWorker0.log
-srvPort
51472
Successfully changed project path to: C:/Users/Studio 001/Documents/Unity/Nekototantei
C:/Users/Studio 001/Documents/Unity/Nekototantei
Using Asset Import Pipeline V2.
Refreshing native plugins compatible for Editor in 35.42 ms, found 0 plugins.
Preloading 0 native plugins for Editor in 0.00 ms.
Initialize engine version: 2020.3.9f1 (108be757e447)
[Subsystems] Discovering subsystems at path C:/Program Files/Unity/Hub/Editor/2020.3.9f1/Editor/Data/Resources/UnitySubsystems
[Subsystems] Discovering subsystems at path C:/Users/Studio 001/Documents/Unity/Nekototantei/Assets
GfxDevice: creating device client; threaded=0
Direct3D:
    Version:  Direct3D 11.0 [level 11.0]
    Renderer: NVIDIA Quadro K3000M (ID=0x11be)
    Vendor:   
    VRAM:     2018 MB
    Driver:   22.21.13.8205
Initialize mono
Mono path[0] = 'C:/Program Files/Unity/Hub/Editor/2020.3.9f1/Editor/Data/Managed'
Mono path[1] = 'C:/Program Files/Unity/Hub/Editor/2020.3.9f1/Editor/Data/MonoBleedingEdge/lib/mono/unityjit'
Mono config path = 'C:/Program Files/Unity/Hub/Editor/2020.3.9f1/Editor/Data/MonoBleedingEdge/etc'
Using monoOptions --debugger-agent=transport=dt_socket,embedding=1,server=y,suspend=n,address=127.0.0.1:56152
Begin MonoManager ReloadAssembly
Registering precompiled unity dll's ...
Register platform support module: C:/Program Files/Unity/Hub/Editor/2020.3.9f1/Editor/Data/PlaybackEngines/WindowsStandaloneSupport/UnityEditor.WindowsStandalone.Extensions.dll
Registered in 0.008582 seconds.
Native extension for WindowsStandalone target not found
Refreshing native plugins compatible for Editor in 39.20 ms, found 0 plugins.
Preloading 0 native plugins for Editor in 0.00 ms.
Mono: successfully reloaded assembly
- Completed reload, in  3.082 seconds
Platform modules already initialized, skipping
Registering precompiled user dll's ...
Registered in 0.002040 seconds.
Begin MonoManager ReloadAssembly
Native extension for WindowsStandalone target not found
Refreshing native plugins compatible for Editor in 0.28 ms, found 0 plugins.
Preloading 0 native plugins for Editor in 0.00 ms.
Mono: successfully reloaded assembly
- Completed reload, in  1.405 seconds
Platform modules already initialized, skipping
========================================================================
Worker process is ready to serve import requests
Launched and connected shader compiler UnityShaderCompiler.exe after 0.11 seconds
Refreshing native plugins compatible for Editor in 0.28 ms, found 0 plugins.
Preloading 0 native plugins for Editor in 0.00 ms.
Unloading 1144 Unused Serialized files (Serialized files now loaded: 0)
System memory in use before: 60.4 MB.
System memory in use after: 60.5 MB.

Unloading 9 unused Assets to reduce memory usage. Loaded Objects now: 1587.
Total: 1.820300 ms (FindLiveObjects: 0.164400 ms CreateObjectMapping: 0.047100 ms MarkObjects: 1.533000 ms  DeleteObjects: 0.074100 ms)

========================================================================
Received Import Request.
  path: Assets/scripts/Gimmick/AshiatoButtun.cs
  artifactKey: Guid(9ea7261b264d4d147bbd2e200a68468a) Importer(815301076,1909f56bfc062723c751e8b465ee728b)
Start importing Assets/scripts/Gimmick/AshiatoButtun.cs using Guid(9ea7261b264d4d147bbd2e200a68468a) Importer(815301076,1909f56bfc062723c751e8b465ee728b)  -> (artifact id: 'e9721fc1859300a309d10d6041b5ee51') in 0.094579 seconds
  Import took 0.097320 seconds .

========================================================================
Received Prepare
Refreshing native plugins compatible for Editor in 1.54 ms, found 0 plugins.
Preloading 0 native plugins for Editor in 0.00 ms.
Unloading 2 Unused Serialized files (Serialized files now loaded: 0)
System memory in use before: 37.5 MB.
System memory in use after: 37.7 MB.

Unloading 2 unused Assets to reduce memory usage. Loaded Objects now: 1587.
Total: 2.415200 ms (FindLiveObjects: 0.235100 ms CreateObjectMapping: 0.051100 ms MarkObjects: 2.113300 ms  DeleteObjects: 0.014200 ms)

========================================================================
Received Prepare
Registering precompiled user dll's ...
Registered in 0.002042 seconds.
Begin MonoManager ReloadAssembly
Native extension for WindowsStandalone target not found
Refreshing native plugins compatible for Editor in 0.27 ms, found 0 plugins.
Preloading 0 native plugins for Editor in 0.00 ms.
Mono: successfully reloaded assembly
- Completed reload, in  1.229 seconds
Platform modules already initialized, skipping
Refreshing native plugins compatible for Editor in 0.29 ms, found 0 plugins.
Preloading 0 native plugins for Editor in 0.00 ms.
Unloading 1138 Unused Serialized files (Serialized files now loaded: 0)
System memory in use before: 60.2 MB.
System memory in use after: 60.3 MB.

Unloading 4 unused Assets to reduce memory usage. Loaded Objects now: 1590.
Total: 1.969200 ms (FindLiveObjects: 0.137000 ms CreateObjectMapping: 0.045100 ms MarkObjects: 1.764800 ms  DeleteObjects: 0.020900 ms)

========================================================================
Received Prepare
Registering precompiled user dll's ...
Registered in 0.001510 seconds.
Begin MonoManager ReloadAssembly
Native extension for WindowsStandalone target not found
Refreshing native plugins compatible for Editor in 0.40 ms, found 0 plugins.
Preloading 0 native plugins for Editor in 0.00 ms.
Mono: successfully reloaded assembly
- Completed reload, in  1.998 seconds
Platform modules already initialized, skipping
Refreshing native plugins compatible for Editor in 0.33 ms, found 0 plugins.
Preloading 0 native plugins for Editor in 0.00 ms.
Unloading 1138 Unused Serialized files (Serialized files now loaded: 0)
System memory in use before: 60.3 MB.
System memory in use after: 60.4 MB.

Unloading 4 unused Assets to reduce memory usage. Loaded Objects now: 1593.
Total: 3.010400 ms (FindLiveObjects: 0.158200 ms CreateObjectMapping: 0.059700 ms MarkObjects: 2.761800 ms  DeleteObjects: 0.028300 ms)

========================================================================
Received Prepare
Registering precompiled user dll's ...
Registered in 0.001955 seconds.
Begin MonoManager ReloadAssembly
Native extension for WindowsStandalone target not found
Refreshing native plugins compatible for Editor in 0.32 ms, found 0 plugins.
Preloading 0 native plugins for Editor in 0.00 ms.
Mono: successfully reloaded assembly
- Completed reload, in  1.223 seconds
Platform modules already initialized, skipping
Refreshing native plugins compatible for Editor in 0.28 ms, found 0 plugins.
Preloading 0 native plugins for Editor in 0.00 ms.
Unloading 1138 Unused Serialized files (Serialized files now loaded: 0)
System memory in use before: 60.3 MB.
System memory in use after: 60.4 MB.

Unloading 4 unused Assets to reduce memory usage. Loaded Objects now: 1596.
Total: 2.052900 ms (FindLiveObjects: 0.141000 ms CreateObjectMapping: 0.056700 ms MarkObjects: 1.835900 ms  DeleteObjects: 0.017400 ms)

========================================================================
Received Import Request.
  Time since last request: 1980.116393 seconds.
  path: Assets/images/kohimeka_aki.png
  artifactKey: Guid(9e587cef88cb7414c88afff1d1676b00) Importer(815301076,1909f56bfc062723c751e8b465ee728b)
Start importing Assets/images/kohimeka_aki.png using Guid(9e587cef88cb7414c88afff1d1676b00) Importer(815301076,1909f56bfc062723c751e8b465ee728b)  -> (artifact id: '785cd2fa21b60cf9d9a17b4dd9d2b51d') in 0.337939 seconds
  Import took 0.378065 seconds .

========================================================================
Received Prepare
Registering precompiled user dll's ...
Registered in 0.001572 seconds.
Begin MonoManager ReloadAssembly
Native extension for WindowsStandalone target not found
Refreshing native plugins compatible for Editor in 0.31 ms, found 0 plugins.
Preloading 0 native plugins for Editor in 0.00 ms.
Mono: successfully reloaded assembly
- Completed reload, in  1.438 seconds
Platform modules already initialized, skipping
Refreshing native plugins compatible for Editor in 0.31 ms, found 0 plugins.
Preloading 0 native plugins for Editor in 0.00 ms.
Unloading 1138 Unused Serialized files (Serialized files now loaded: 0)
System memory in use before: 63.4 MB.
System memory in use after: 63.5 MB.

Unloading 4 unused Assets to reduce memory usage. Loaded Objects now: 1605.
Total: 2.095500 ms (FindLiveObjects: 0.165500 ms CreateObjectMapping: 0.062500 ms MarkObjects: 1.837500 ms  DeleteObjects: 0.028100 ms)

========================================================================
Received Prepare
Registering precompiled user dll's ...
Registered in 0.001806 seconds.
Begin MonoManager ReloadAssembly
Native extension for WindowsStandalone target not found
Refreshing native plugins compatible for Editor in 0.80 ms, found 0 plugins.
Preloading 0 native plugins for Editor in 0.00 ms.
Mono: successfully reloaded assembly
- Completed reload, in  1.868 seconds
Platform modules already initialized, skipping
Refreshing native plugins compatible for Editor in 0.49 ms, found 0 plugins.
Preloading 0 native plugins for Editor in 0.00 ms.
Unloading 1138 Unused Serialized files (Serialized files now loaded: 0)
System memory in use before: 63.4 MB.
System memory in use after: 63.5 MB.

Unloading 4 unused Assets to reduce memory usage. Loaded Objects now: 1608.
Total: 2.347000 ms (FindLiveObjects: 0.170100 ms CreateObjectMapping: 0.067200 ms MarkObjects: 2.072500 ms  DeleteObjects: 0.035000 ms)

========================================================================
Received Prepare
Registering precompiled user dll's ...
Registered in 0.001558 seconds.
Begin MonoManager ReloadAssembly
Native extension for WindowsStandalone target not found
Refreshing native plugins compatible for Editor in 0.27 ms, found 0 plugins.
Preloading 0 native plugins for Editor in 0.00 ms.
Mono: successfully reloaded assembly
- Completed reload, in  1.150 seconds
Platform modules already initialized, skipping
Refreshing native plugins compatible for Editor in 0.28 ms, found 0 plugins.
Preloading 0 native plugins for Editor in 0.00 ms.
Unloading 1138 Unused Serialized files (Serialized files now loaded: 0)
System memory in use before: 63.4 MB.
System memory in use after: 63.5 MB.

Unloading 4 unused Assets to reduce memory usage. Loaded Objects now: 1611.
Total: 1.819000 ms (FindLiveObjects: 0.136500 ms CreateObjectMapping: 0.045300 ms MarkObjects: 1.619700 ms  DeleteObjects: 0.015900 ms)

========================================================================
Received Import Request.
  Time since last request: 1120.340806 seconds.
  path: Assets/scripts/Gimmick/UseItemGimmick.cs
  artifactKey: Guid(cf75f61847ae3d34890f0c8b30bcb73f) Importer(815301076,1909f56bfc062723c751e8b465ee728b)
Start importing Assets/scripts/Gimmick/UseItemGimmick.cs using Guid(cf75f61847ae3d34890f0c8b30bcb73f) Importer(815301076,1909f56bfc062723c751e8b465ee728b)  -> (artifact id: '174e8fceb60a31382372a3e40b09f056') in 0.011600 seconds
  Import took 0.069419 seconds .

========================================================================
Received Import Request.
  Time since last request: 0.063329 seconds.
  path: Assets/scripts/Gimmick/UseItemGimmick.cs
  artifactKey: Guid(cf75f61847ae3d34890f0c8b30bcb73f) Importer(815301076,1909f56bfc062723c751e8b465ee728b)
Start importing Assets/scripts/Gimmick/UseItemGimmick.cs using Guid(cf75f61847ae3d34890f0c8b30bcb73f) Importer(815301076,1909f56bfc062723c751e8b465ee728b)  -> (artifact id: '174e8fceb60a31382372a3e40b09f056') in 0.012003 seconds
  Import took 0.015356 seconds .

========================================================================
Received Import Request.
  Time since last request: 214.817294 seconds.
  path: Assets/scripts/Item/Item.cs
  artifactKey: Guid(72716ad7fedaa6c4da865ee9c9b781bf) Importer(815301076,1909f56bfc062723c751e8b465ee728b)
Start importing Assets/scripts/Item/Item.cs using Guid(72716ad7fedaa6c4da865ee9c9b781bf) Importer(815301076,1909f56bfc062723c751e8b465ee728b)  -> (artifact id: 'fc2301324ff258eb18e0102dc3ea2586') in 0.011527 seconds
  Import took 0.069412 seconds .

========================================================================
Received Prepare
Registering precompiled user dll's ...
Registered in 0.001536 seconds.
Begin MonoManager ReloadAssembly
Native extension for WindowsStandalone target not found
Refreshing native plugins compatible for Editor in 0.36 ms, found 0 plugins.
Preloading 0 native plugins for Editor in 0.00 ms.
Mono: successfully reloaded assembly
- Completed reload, in  1.272 seconds
Platform modules already initialized, skipping
Refreshing native plugins compatible for Editor in 0.27 ms, found 0 plugins.
Preloading 0 native plugins for Editor in 0.00 ms.
Unloading 1138 Unused Serialized files (Serialized files now loaded: 0)
System memory in use before: 63.4 MB.
System memory in use after: 63.5 MB.

Unloading 4 unused Assets to reduce memory usage. Loaded Objects now: 1614.
Total: 1.769200 ms (FindLiveObjects: 0.139700 ms CreateObjectMapping: 0.046600 ms MarkObjects: 1.562000 ms  DeleteObjects: 0.019000 ms)

========================================================================
Received Prepare
Registering precompiled user dll's ...
Registered in 0.001845 seconds.
Begin MonoManager ReloadAssembly
Native extension for WindowsStandalone target not found
Refreshing native plugins compatible for Editor in 0.30 ms, found 0 plugins.
Preloading 0 native plugins for Editor in 0.00 ms.
Mono: successfully reloaded assembly
- Completed reload, in  1.175 seconds
Platform modules already initialized, skipping
Refreshing native plugins compatible for Editor in 0.32 ms, found 0 plugins.
Preloading 0 native plugins for Editor in 0.00 ms.
Unloading 1138 Unused Serialized files (Serialized files now loaded: 0)
System memory in use before: 63.4 MB.
System memory in use after: 63.5 MB.

Unloading 4 unused Assets to reduce memory usage. Loaded Objects now: 1617.
Total: 2.443400 ms (FindLiveObjects: 0.137600 ms CreateObjectMapping: 0.046000 ms MarkObjects: 2.236600 ms  DeleteObjects: 0.021700 ms)

========================================================================
Received Prepare
Registering precompiled user dll's ...
Registered in 0.001491 seconds.
Begin MonoManager ReloadAssembly
Native extension for WindowsStandalone target not found
Refreshing native plugins compatible for Editor in 0.31 ms, found 0 plugins.
Preloading 0 native plugins for Editor in 0.00 ms.
Mono: successfully reloaded assembly
- Completed reload, in  1.287 seconds
Platform modules already initialized, skipping
Refreshing native plugins compatible for Editor in 0.31 ms, found 0 plugins.
Preloading 0 native plugins for Editor in 0.00 ms.
Unloading 1138 Unused Serialized files (Serialized files now loaded: 0)
System memory in use before: 63.4 MB.
System memory in use after: 63.5 MB.

Unloading 4 unused Assets to reduce memory usage. Loaded Objects now: 1620.
Total: 2.125600 ms (FindLiveObjects: 0.143600 ms CreateObjectMapping: 0.056700 ms MarkObjects: 1.908400 ms  DeleteObjects: 0.015400 ms)

========================================================================
Received Prepare
Registering precompiled user dll's ...
Registered in 0.001460 seconds.
Begin MonoManager ReloadAssembly
Native extension for WindowsStandalone target not found
Refreshing native plugins compatible for Editor in 0.32 ms, found 0 plugins.
Preloading 0 native plugins for Editor in 0.00 ms.
Mono: successfully reloaded assembly
- Completed reload, in  1.554 seconds
Platform modules already initialized, skipping
Refreshing native plugins compatible for Editor in 0.41 ms, found 0 plugins.
Preloading 0 native plugins for Editor in 0.00 ms.
Unloading 1138 Unused Serialized files (Serialized files now loaded: 0)
System memory in use before: 63.4 MB.
System memory in use after: 63.5 MB.

Unloading 4 unused Assets to reduce memory usage. Loaded Objects now: 1623.
Total: 1.721200 ms (FindLiveObjects: 0.139400 ms CreateObjectMapping: 0.046900 ms MarkObjects: 1.519000 ms  DeleteObjects: 0.014400 ms)

========================================================================
Received Prepare
Registering precompiled user dll's ...
Registered in 0.001503 seconds.
Begin MonoManager ReloadAssembly
Native extension for WindowsStandalone target not found
Refreshing native plugins compatible for Editor in 0.28 ms, found 0 plugins.
Preloading 0 native plugins for Editor in 0.00 ms.
Mono: successfully reloaded assembly
- Completed reload, in  1.184 seconds
Platform modules already initialized, skipping
Refreshing native plugins compatible for Editor in 0.29 ms, found 0 plugins.
Preloading 0 native plugins for Editor in 0.00 ms.
Unloading 1138 Unused Serialized files (Serialized files now loaded: 0)
System memory in use before: 63.4 MB.
System memory in use after: 63.5 MB.

Unloading 4 unused Assets to reduce memory usage. Loaded Objects now: 1626.
Total: 1.710200 ms (FindLiveObjects: 0.142100 ms CreateObjectMapping: 0.046000 ms MarkObjects: 1.504500 ms  DeleteObjects: 0.016000 ms)

========================================================================
Received Prepare
Registering precompiled user dll's ...
Registered in 0.001706 seconds.
Begin MonoManager ReloadAssembly
Native extension for WindowsStandalone target not found
Refreshing native plugins compatible for Editor in 0.62 ms, found 0 plugins.
Preloading 0 native plugins for Editor in 0.00 ms.
Mono: successfully reloaded assembly
- Completed reload, in  1.464 seconds
Platform modules already initialized, skipping
Refreshing native plugins compatible for Editor in 0.33 ms, found 0 plugins.
Preloading 0 native plugins for Editor in 0.00 ms.
Unloading 1138 Unused Serialized files (Serialized files now loaded: 0)
System memory in use before: 63.4 MB.
System memory in use after: 63.5 MB.

Unloading 4 unused Assets to reduce memory usage. Loaded Objects now: 1629.
Total: 2.114900 ms (FindLiveObjects: 0.169800 ms CreateObjectMapping: 0.057500 ms MarkObjects: 1.866100 ms  DeleteObjects: 0.019400 ms)

========================================================================
Received Prepare
Registering precompiled user dll's ...
Registered in 0.001491 seconds.
Begin MonoManager ReloadAssembly
Native extension for WindowsStandalone target not found
Refreshing native plugins compatible for Editor in 0.36 ms, found 0 plugins.
Preloading 0 native plugins for Editor in 0.00 ms.
Mono: successfully reloaded assembly
- Completed reload, in  1.155 seconds
Platform modules already initialized, skipping
Refreshing native plugins compatible for Editor in 0.27 ms, found 0 plugins.
Preloading 0 native plugins for Editor in 0.00 ms.
Unloading 1138 Unused Serialized files (Serialized files now loaded: 0)
System memory in use before: 63.4 MB.
System memory in use after: 63.5 MB.

Unloading 4 unused Assets to reduce memory usage. Loaded Objects now: 1632.
Total: 2.219600 ms (FindLiveObjects: 0.148600 ms CreateObjectMapping: 0.047100 ms MarkObjects: 1.990400 ms  DeleteObjects: 0.031500 ms)

========================================================================
Received Prepare
Registering precompiled user dll's ...
Registered in 0.001643 seconds.
Begin MonoManager ReloadAssembly
Native extension for WindowsStandalone target not found
Refreshing native plugins compatible for Editor in 0.33 ms, found 0 plugins.
Preloading 0 native plugins for Editor in 0.00 ms.
Mono: successfully reloaded assembly
- Completed reload, in  1.188 seconds
Platform modules already initialized, skipping
Refreshing native plugins compatible for Editor in 0.27 ms, found 0 plugins.
Preloading 0 native plugins for Editor in 0.00 ms.
Unloading 1138 Unused Serialized files (Serialized files now loaded: 0)
System memory in use before: 63.4 MB.
System memory in use after: 63.5 MB.

Unloading 4 unused Assets to reduce memory usage. Loaded Objects now: 1635.
Total: 2.050400 ms (FindLiveObjects: 0.175900 ms CreateObjectMapping: 0.048600 ms MarkObjects: 1.796800 ms  DeleteObjects: 0.027500 ms)

========================================================================
Received Prepare
Registering precompiled user dll's ...
Registered in 0.002165 seconds.
Begin MonoManager ReloadAssembly
Native extension for WindowsStandalone target not found
Refreshing native plugins compatible for Editor in 0.31 ms, found 0 plugins.
Preloading 0 native plugins for Editor in 0.00 ms.
Mono: successfully reloaded assembly
- Completed reload, in  1.742 seconds
Platform modules already initialized, skipping
Refreshing native plugins compatible for Editor in 0.27 ms, found 0 plugins.
Preloading 0 native plugins for Editor in 0.00 ms.
Unloading 1138 Unused Serialized files (Serialized files now loaded: 0)
System memory in use before: 63.4 MB.
System memory in use after: 63.5 MB.

Unloading 4 unused Assets to reduce memory usage. Loaded Objects now: 1638.
Total: 2.081900 ms (FindLiveObjects: 0.139600 ms CreateObjectMapping: 0.045700 ms MarkObjects: 1.876500 ms  DeleteObjects: 0.018500 ms)

========================================================================
Received Import Request.
  Time since last request: 6851.929264 seconds.
  path: Assets/images/rekodo_totte.png
  artifactKey: Guid(90f295f4e89573f4b81b0e27852871da) Importer(815301076,1909f56bfc062723c751e8b465ee728b)
Start importing Assets/images/rekodo_totte.png using Guid(90f295f4e89573f4b81b0e27852871da) Importer(815301076,1909f56bfc062723c751e8b465ee728b)  -> (artifact id: '89f0d3c8e62d60ca2c3a5f85cb9e02ab') in 0.151373 seconds
  Import took 0.172519 seconds .

========================================================================
Received Import Request.
  Time since last request: 0.000361 seconds.
  path: Assets/images/rekodo_totte1.png
  artifactKey: Guid(d742e3b166dc65e439c42803221d9baa) Importer(815301076,1909f56bfc062723c751e8b465ee728b)
Start importing Assets/images/rekodo_totte1.png using Guid(d742e3b166dc65e439c42803221d9baa) Importer(815301076,1909f56bfc062723c751e8b465ee728b)  -> (artifact id: '125e4d3d142b8cb6b16d34d073d44c79') in 0.022257 seconds
  Import took 0.034078 seconds .

========================================================================
Received Import Request.
  Time since last request: 18.219607 seconds.
  path: Assets/images/rekodo_totte2.png
  artifactKey: Guid(d742e3b166dc65e439c42803221d9baa) Importer(815301076,1909f56bfc062723c751e8b465ee728b)
Start importing Assets/images/rekodo_totte2.png using Guid(d742e3b166dc65e439c42803221d9baa) Importer(815301076,1909f56bfc062723c751e8b465ee728b)  -> (artifact id: '6471335495b157201e5452cfc4b2f07f') in 0.024987 seconds
  Import took 0.045513 seconds .

========================================================================
Received Import Request.
  Time since last request: 5.948640 seconds.
  path: Assets/images/rekodo_totte1.png
  artifactKey: Guid(90f295f4e89573f4b81b0e27852871da) Importer(815301076,1909f56bfc062723c751e8b465ee728b)
Start importing Assets/images/rekodo_totte1.png using Guid(90f295f4e89573f4b81b0e27852871da) Importer(815301076,1909f56bfc062723c751e8b465ee728b)  -> (artifact id: '70bf4d2a2e7c8d46471d2504c637cbd8') in 0.020092 seconds
  Import took 0.033953 seconds .

========================================================================
Received Import Request.
  Time since last request: 4.448192 seconds.
  path: Assets/images/rekodo_totte.png
  artifactKey: Guid(d742e3b166dc65e439c42803221d9baa) Importer(815301076,1909f56bfc062723c751e8b465ee728b)
Start importing Assets/images/rekodo_totte.png using Guid(d742e3b166dc65e439c42803221d9baa) Importer(815301076,1909f56bfc062723c751e8b465ee728b)  -> (artifact id: 'e38ab28706b66b77d878fcaff4aef738') in 0.030134 seconds
  Import took 0.079525 seconds .

========================================================================
Received Prepare
Registering precompiled user dll's ...
Registered in 0.001599 seconds.
Begin MonoManager ReloadAssembly
Native extension for WindowsStandalone target not found
Refreshing native plugins compatible for Editor in 0.31 ms, found 0 plugins.
Preloading 0 native plugins for Editor in 0.00 ms.
Mono: successfully reloaded assembly
- Completed reload, in  1.393 seconds
Platform modules already initialized, skipping
Refreshing native plugins compatible for Editor in 0.29 ms, found 0 plugins.
Preloading 0 native plugins for Editor in 0.00 ms.
Unloading 1138 Unused Serialized files (Serialized files now loaded: 0)
System memory in use before: 63.4 MB.
System memory in use after: 63.5 MB.

Unloading 4 unused Assets to reduce memory usage. Loaded Objects now: 1644.
Total: 2.166900 ms (FindLiveObjects: 0.195900 ms CreateObjectMapping: 0.050500 ms MarkObjects: 1.900600 ms  DeleteObjects: 0.018200 ms)

========================================================================
Received Import Request.
  Time since last request: 822.508576 seconds.
  path: Assets/scripts/Gimmick/NekojarashiA1.cs
  artifactKey: Guid(f1a3dc5bb217a904c810ec8e3b65fc3c) Importer(815301076,1909f56bfc062723c751e8b465ee728b)
Start importing Assets/scripts/Gimmick/NekojarashiA1.cs using Guid(f1a3dc5bb217a904c810ec8e3b65fc3c) Importer(815301076,1909f56bfc062723c751e8b465ee728b)  -> (artifact id: 'a6f5fb35bf3b9a546396d486ecee94bd') in 0.012997 seconds
  Import took 0.077959 seconds .

========================================================================
Received Import Request.
  Time since last request: 2.493030 seconds.
  path: Assets/scripts/Gimmick/NekojarashiB1.cs
  artifactKey: Guid(e9ef5f6ab2941a24591e688fd758a1b7) Importer(815301076,1909f56bfc062723c751e8b465ee728b)
Start importing Assets/scripts/Gimmick/NekojarashiB1.cs using Guid(e9ef5f6ab2941a24591e688fd758a1b7) Importer(815301076,1909f56bfc062723c751e8b465ee728b)  -> (artifact id: 'dae33a3ad5ff53a475c7c974f5978da9') in 0.008670 seconds
  Import took 0.091081 seconds .

========================================================================
Received Import Request.
  Time since last request: 4.964516 seconds.
  path: Assets/scripts/Gimmick/NekojarashiA2.cs
  artifactKey: Guid(45a9192066ab2254e9f97eae53893492) Importer(815301076,1909f56bfc062723c751e8b465ee728b)
Start importing Assets/scripts/Gimmick/NekojarashiA2.cs using Guid(45a9192066ab2254e9f97eae53893492) Importer(815301076,1909f56bfc062723c751e8b465ee728b)  -> (artifact id: '71ba196b82cee318dcb24dfd895d5584') in 0.010901 seconds
  Import took 0.046630 seconds .

========================================================================
Received Import Request.
  Time since last request: 0.003035 seconds.
  path: Assets/scripts/Gimmick/NekojarashiA2.cs
  artifactKey: Guid(45a9192066ab2254e9f97eae53893492) Importer(815301076,1909f56bfc062723c751e8b465ee728b)
Start importing Assets/scripts/Gimmick/NekojarashiA2.cs using Guid(45a9192066ab2254e9f97eae53893492) Importer(815301076,1909f56bfc062723c751e8b465ee728b)  -> (artifact id: '71ba196b82cee318dcb24dfd895d5584') in 0.014088 seconds
  Import took 0.018455 seconds .

========================================================================
Received Import Request.
  Time since last request: 24.827350 seconds.
  path: Assets/scripts/Gimmick/Rekodo_totteButton.cs
  artifactKey: Guid(45a9192066ab2254e9f97eae53893492) Importer(815301076,1909f56bfc062723c751e8b465ee728b)
Start importing Assets/scripts/Gimmick/Rekodo_totteButton.cs using Guid(45a9192066ab2254e9f97eae53893492) Importer(815301076,1909f56bfc062723c751e8b465ee728b)  -> (artifact id: 'e5079b36d144e5a7064ec59ff463dc06') in 0.012504 seconds
  Import took 0.039701 seconds .

========================================================================
Received Prepare
Registering precompiled user dll's ...
Registered in 0.001571 seconds.
Begin MonoManager ReloadAssembly
Native extension for WindowsStandalone target not found
Refreshing native plugins compatible for Editor in 0.32 ms, found 0 plugins.
Preloading 0 native plugins for Editor in 0.00 ms.
Mono: successfully reloaded assembly
- Completed reload, in  1.737 seconds
Platform modules already initialized, skipping
Refreshing native plugins compatible for Editor in 0.30 ms, found 0 plugins.
Preloading 0 native plugins for Editor in 0.00 ms.
Unloading 1139 Unused Serialized files (Serialized files now loaded: 0)
System memory in use before: 63.5 MB.
System memory in use after: 63.6 MB.

Unloading 4 unused Assets to reduce memory usage. Loaded Objects now: 1648.
Total: 2.672700 ms (FindLiveObjects: 0.168200 ms CreateObjectMapping: 0.056200 ms MarkObjects: 2.405700 ms  DeleteObjects: 0.040100 ms)

========================================================================
Received Import Request.
  Time since last request: 35.964022 seconds.
  path: Assets/scripts/Gimmick/Rekodo_totteButton.cs
  artifactKey: Guid(45a9192066ab2254e9f97eae53893492) Importer(815301076,1909f56bfc062723c751e8b465ee728b)
Start importing Assets/scripts/Gimmick/Rekodo_totteButton.cs using Guid(45a9192066ab2254e9f97eae53893492) Importer(815301076,1909f56bfc062723c751e8b465ee728b)  -> (artifact id: '44186acf206556b2517da01b3f406a00') in 0.014581 seconds
  Import took 0.123858 seconds .

========================================================================
Received Prepare
Registering precompiled user dll's ...
Registered in 0.001852 seconds.
Begin MonoManager ReloadAssembly
Native extension for WindowsStandalone target not found
Refreshing native plugins compatible for Editor in 0.46 ms, found 0 plugins.
Preloading 0 native plugins for Editor in 0.00 ms.
Mono: successfully reloaded assembly
- Completed reload, in  1.516 seconds
Platform modules already initialized, skipping
Refreshing native plugins compatible for Editor in 0.30 ms, found 0 plugins.
Preloading 0 native plugins for Editor in 0.00 ms.
Unloading 1139 Unused Serialized files (Serialized files now loaded: 0)
System memory in use before: 63.5 MB.
System memory in use after: 63.6 MB.

Unloading 4 unused Assets to reduce memory usage. Loaded Objects now: 1651.
Total: 1.765500 ms (FindLiveObjects: 0.148700 ms CreateObjectMapping: 0.045600 ms MarkObjects: 1.549500 ms  DeleteObjects: 0.020100 ms)

========================================================================
Received Prepare
Registering precompiled user dll's ...
Registered in 0.001670 seconds.
Begin MonoManager ReloadAssembly
Native extension for WindowsStandalone target not found
Refreshing native plugins compatible for Editor in 0.39 ms, found 0 plugins.
Preloading 0 native plugins for Editor in 0.00 ms.
Mono: successfully reloaded assembly
- Completed reload, in  1.712 seconds
Platform modules already initialized, skipping
Refreshing native plugins compatible for Editor in 0.34 ms, found 0 plugins.
Preloading 0 native plugins for Editor in 0.00 ms.
Unloading 1139 Unused Serialized files (Serialized files now loaded: 0)
System memory in use before: 63.5 MB.
System memory in use after: 63.6 MB.

Unloading 4 unused Assets to reduce memory usage. Loaded Objects now: 1654.
Total: 1.746500 ms (FindLiveObjects: 0.161100 ms CreateObjectMapping: 0.045600 ms MarkObjects: 1.521200 ms  DeleteObjects: 0.017200 ms)

========================================================================
Received Prepare
Registering precompiled user dll's ...
Registered in 0.002304 seconds.
Begin MonoManager ReloadAssembly
Native extension for WindowsStandalone target not found
Refreshing native plugins compatible for Editor in 0.57 ms, found 0 plugins.
Preloading 0 native plugins for Editor in 0.00 ms.
Mono: successfully reloaded assembly
- Completed reload, in  1.462 seconds
Platform modules already initialized, skipping
Refreshing native plugins compatible for Editor in 0.39 ms, found 0 plugins.
Preloading 0 native plugins for Editor in 0.00 ms.
Unloading 1139 Unused Serialized files (Serialized files now loaded: 0)
System memory in use before: 63.5 MB.
System memory in use after: 63.6 MB.

Unloading 4 unused Assets to reduce memory usage. Loaded Objects now: 1657.
Total: 2.204500 ms (FindLiveObjects: 0.216700 ms CreateObjectMapping: 0.046700 ms MarkObjects: 1.918100 ms  DeleteObjects: 0.021000 ms)

========================================================================
Received Prepare
Registering precompiled user dll's ...
Registered in 0.001486 seconds.
Begin MonoManager ReloadAssembly
Native extension for WindowsStandalone target not found
Refreshing native plugins compatible for Editor in 0.36 ms, found 0 plugins.
Preloading 0 native plugins for Editor in 0.00 ms.
Mono: successfully reloaded assembly
- Completed reload, in  1.326 seconds
Platform modules already initialized, skipping
Refreshing native plugins compatible for Editor in 0.40 ms, found 0 plugins.
Preloading 0 native plugins for Editor in 0.00 ms.
Unloading 1139 Unused Serialized files (Serialized files now loaded: 0)
System memory in use before: 63.5 MB.
System memory in use after: 63.6 MB.

Unloading 4 unused Assets to reduce memory usage. Loaded Objects now: 1660.
Total: 2.449800 ms (FindLiveObjects: 0.253000 ms CreateObjectMapping: 0.058800 ms MarkObjects: 2.114100 ms  DeleteObjects: 0.022000 ms)

========================================================================
Received Prepare
Registering precompiled user dll's ...
Registered in 0.001580 seconds.
Begin MonoManager ReloadAssembly
Native extension for WindowsStandalone target not found
Refreshing native plugins compatible for Editor in 0.31 ms, found 0 plugins.
Preloading 0 native plugins for Editor in 0.00 ms.
Mono: successfully reloaded assembly
- Completed reload, in  1.770 seconds
Platform modules already initialized, skipping
Refreshing native plugins compatible for Editor in 0.33 ms, found 0 plugins.
Preloading 0 native plugins for Editor in 0.00 ms.
Unloading 1139 Unused Serialized files (Serialized files now loaded: 0)
System memory in use before: 63.5 MB.
System memory in use after: 63.6 MB.

Unloading 4 unused Assets to reduce memory usage. Loaded Objects now: 1663.
Total: 1.848000 ms (FindLiveObjects: 0.160800 ms CreateObjectMapping: 0.045200 ms MarkObjects: 1.618400 ms  DeleteObjects: 0.021500 ms)

========================================================================
Received Prepare
Registering precompiled user dll's ...
Registered in 0.001944 seconds.
Begin MonoManager ReloadAssembly
Native extension for WindowsStandalone target not found
Refreshing native plugins compatible for Editor in 0.28 ms, found 0 plugins.
Preloading 0 native plugins for Editor in 0.00 ms.
Mono: successfully reloaded assembly
- Completed reload, in  1.416 seconds
Platform modules already initialized, skipping
Refreshing native plugins compatible for Editor in 0.51 ms, found 0 plugins.
Preloading 0 native plugins for Editor in 0.00 ms.
Unloading 1139 Unused Serialized files (Serialized files now loaded: 0)
System memory in use before: 63.5 MB.
System memory in use after: 63.6 MB.

Unloading 4 unused Assets to reduce memory usage. Loaded Objects now: 1666.
Total: 2.757000 ms (FindLiveObjects: 0.154600 ms CreateObjectMapping: 0.047300 ms MarkObjects: 2.523700 ms  DeleteObjects: 0.029200 ms)

========================================================================
Received Prepare
Registering precompiled user dll's ...
Registered in 0.002237 seconds.
Begin MonoManager ReloadAssembly
Native extension for WindowsStandalone target not found
Refreshing native plugins compatible for Editor in 0.28 ms, found 0 plugins.
Preloading 0 native plugins for Editor in 0.00 ms.
Mono: successfully reloaded assembly
- Completed reload, in  1.466 seconds
Platform modules already initialized, skipping
Refreshing native plugins compatible for Editor in 0.28 ms, found 0 plugins.
Preloading 0 native plugins for Editor in 0.00 ms.
Unloading 1139 Unused Serialized files (Serialized files now loaded: 0)
System memory in use before: 63.5 MB.
System memory in use after: 63.6 MB.

Unloading 4 unused Assets to reduce memory usage. Loaded Objects now: 1669.
Total: 4.407800 ms (FindLiveObjects: 0.396600 ms CreateObjectMapping: 0.079700 ms MarkObjects: 3.899300 ms  DeleteObjects: 0.029300 ms)

========================================================================
Received Prepare
Registering precompiled user dll's ...
Registered in 0.001631 seconds.
Begin MonoManager ReloadAssembly
Native extension for WindowsStandalone target not found
Refreshing native plugins compatible for Editor in 0.31 ms, found 0 plugins.
Preloading 0 native plugins for Editor in 0.00 ms.
Mono: successfully reloaded assembly
- Completed reload, in  1.440 seconds
Platform modules already initialized, skipping
Refreshing native plugins compatible for Editor in 0.28 ms, found 0 plugins.
Preloading 0 native plugins for Editor in 0.00 ms.
Unloading 1139 Unused Serialized files (Serialized files now loaded: 0)
System memory in use before: 63.5 MB.
System memory in use after: 63.6 MB.

Unloading 4 unused Assets to reduce memory usage. Loaded Objects now: 1672.
Total: 1.773500 ms (FindLiveObjects: 0.144800 ms CreateObjectMapping: 0.061800 ms MarkObjects: 1.545200 ms  DeleteObjects: 0.018700 ms)

========================================================================
Received Prepare
Registering precompiled user dll's ...
Registered in 0.001543 seconds.
Begin MonoManager ReloadAssembly
Native extension for WindowsStandalone target not found
Refreshing native plugins compatible for Editor in 0.47 ms, found 0 plugins.
Preloading 0 native plugins for Editor in 0.00 ms.
Mono: successfully reloaded assembly
- Completed reload, in  1.639 seconds
Platform modules already initialized, skipping
Refreshing native plugins compatible for Editor in 0.29 ms, found 0 plugins.
Preloading 0 native plugins for Editor in 0.00 ms.
Unloading 1139 Unused Serialized files (Serialized files now loaded: 0)
System memory in use before: 63.5 MB.
System memory in use after: 63.6 MB.

Unloading 4 unused Assets to reduce memory usage. Loaded Objects now: 1675.
Total: 2.552200 ms (FindLiveObjects: 0.170800 ms CreateObjectMapping: 0.047100 ms MarkObjects: 2.313200 ms  DeleteObjects: 0.018800 ms)

========================================================================
Received Prepare
Registering precompiled user dll's ...
Registered in 0.002112 seconds.
Begin MonoManager ReloadAssembly
Native extension for WindowsStandalone target not found
Refreshing native plugins compatible for Editor in 0.29 ms, found 0 plugins.
Preloading 0 native plugins for Editor in 0.00 ms.
Mono: successfully reloaded assembly
- Completed reload, in  1.479 seconds
Platform modules already initialized, skipping
Refreshing native plugins compatible for Editor in 0.40 ms, found 0 plugins.
Preloading 0 native plugins for Editor in 0.00 ms.
Unloading 1139 Unused Serialized files (Serialized files now loaded: 0)
System memory in use before: 63.5 MB.
System memory in use after: 63.6 MB.

Unloading 4 unused Assets to reduce memory usage. Loaded Objects now: 1678.
Total: 1.808700 ms (FindLiveObjects: 0.153200 ms CreateObjectMapping: 0.046200 ms MarkObjects: 1.590800 ms  DeleteObjects: 0.016000 ms)

========================================================================
Received Prepare
Registering precompiled user dll's ...
Registered in 0.002668 seconds.
Begin MonoManager ReloadAssembly
Native extension for WindowsStandalone target not found
Refreshing native plugins compatible for Editor in 0.79 ms, found 0 plugins.
Preloading 0 native plugins for Editor in 0.00 ms.
Mono: successfully reloaded assembly
- Completed reload, in  1.884 seconds
Platform modules already initialized, skipping
Refreshing native plugins compatible for Editor in 1.02 ms, found 0 plugins.
Preloading 0 native plugins for Editor in 0.00 ms.
Unloading 1139 Unused Serialized files (Serialized files now loaded: 0)
System memory in use before: 63.5 MB.
System memory in use after: 63.6 MB.

Unloading 4 unused Assets to reduce memory usage. Loaded Objects now: 1681.
Total: 3.035700 ms (FindLiveObjects: 0.577700 ms CreateObjectMapping: 0.127700 ms MarkObjects: 2.303000 ms  DeleteObjects: 0.024600 ms)

========================================================================
Received Prepare
Registering precompiled user dll's ...
Registered in 0.002376 seconds.
Begin MonoManager ReloadAssembly
Native extension for WindowsStandalone target not found
Refreshing native plugins compatible for Editor in 0.64 ms, found 0 plugins.
Preloading 0 native plugins for Editor in 0.00 ms.
Mono: successfully reloaded assembly
- Completed reload, in  2.411 seconds
Platform modules already initialized, skipping
Refreshing native plugins compatible for Editor in 0.29 ms, found 0 plugins.
Preloading 0 native plugins for Editor in 0.00 ms.
Unloading 1139 Unused Serialized files (Serialized files now loaded: 0)
System memory in use before: 63.5 MB.
System memory in use after: 63.6 MB.

Unloading 4 unused Assets to reduce memory usage. Loaded Objects now: 1684.
Total: 2.425700 ms (FindLiveObjects: 0.158100 ms CreateObjectMapping: 0.051000 ms MarkObjects: 2.191800 ms  DeleteObjects: 0.022600 ms)

========================================================================
Received Prepare
Registering precompiled user dll's ...
Registered in 0.001697 seconds.
Begin MonoManager ReloadAssembly
Native extension for WindowsStandalone target not found
Refreshing native plugins compatible for Editor in 0.39 ms, found 0 plugins.
Preloading 0 native plugins for Editor in 0.00 ms.
Mono: successfully reloaded assembly
- Completed reload, in  1.364 seconds
Platform modules already initialized, skipping
Refreshing native plugins compatible for Editor in 0.31 ms, found 0 plugins.
Preloading 0 native plugins for Editor in 0.00 ms.
Unloading 1139 Unused Serialized files (Serialized files now loaded: 0)
System memory in use before: 63.5 MB.
System memory in use after: 63.6 MB.

Unloading 4 unused Assets to reduce memory usage. Loaded Objects now: 1687.
Total: 3.137500 ms (FindLiveObjects: 0.196600 ms CreateObjectMapping: 0.102700 ms MarkObjects: 2.760100 ms  DeleteObjects: 0.073700 ms)

========================================================================
Received Prepare
Registering precompiled user dll's ...
Registered in 0.002706 seconds.
Begin MonoManager ReloadAssembly
Native extension for WindowsStandalone target not found
Refreshing native plugins compatible for Editor in 0.28 ms, found 0 plugins.
Preloading 0 native plugins for Editor in 0.00 ms.
Mono: successfully reloaded assembly
- Completed reload, in  1.351 seconds
Platform modules already initialized, skipping
Refreshing native plugins compatible for Editor in 0.28 ms, found 0 plugins.
Preloading 0 native plugins for Editor in 0.00 ms.
Unloading 1139 Unused Serialized files (Serialized files now loaded: 0)
System memory in use before: 63.5 MB.
System memory in use after: 63.6 MB.

Unloading 4 unused Assets to reduce memory usage. Loaded Objects now: 1690.
Total: 2.048600 ms (FindLiveObjects: 0.285100 ms CreateObjectMapping: 0.116400 ms MarkObjects: 1.626700 ms  DeleteObjects: 0.018000 ms)

========================================================================
Received Prepare
Registering precompiled user dll's ...
Registered in 0.003340 seconds.
Begin MonoManager ReloadAssembly
Native extension for WindowsStandalone target not found
Refreshing native plugins compatible for Editor in 0.31 ms, found 0 plugins.
Preloading 0 native plugins for Editor in 0.00 ms.
Mono: successfully reloaded assembly
- Completed reload, in  1.320 seconds
Platform modules already initialized, skipping
Refreshing native plugins compatible for Editor in 0.29 ms, found 0 plugins.
Preloading 0 native plugins for Editor in 0.00 ms.
Unloading 1139 Unused Serialized files (Serialized files now loaded: 0)
System memory in use before: 63.6 MB.
System memory in use after: 63.7 MB.

Unloading 4 unused Assets to reduce memory usage. Loaded Objects now: 1693.
Total: 1.925800 ms (FindLiveObjects: 0.148900 ms CreateObjectMapping: 0.050200 ms MarkObjects: 1.709500 ms  DeleteObjects: 0.015700 ms)

========================================================================
Received Prepare
Registering precompiled user dll's ...
Registered in 0.001518 seconds.
Begin MonoManager ReloadAssembly
Native extension for WindowsStandalone target not found
Refreshing native plugins compatible for Editor in 0.30 ms, found 0 plugins.
Preloading 0 native plugins for Editor in 0.00 ms.
Mono: successfully reloaded assembly
- Completed reload, in  1.141 seconds
Platform modules already initialized, skipping
Refreshing native plugins compatible for Editor in 0.29 ms, found 0 plugins.
Preloading 0 native plugins for Editor in 0.00 ms.
Unloading 1139 Unused Serialized files (Serialized files now loaded: 0)
System memory in use before: 63.6 MB.
System memory in use after: 63.7 MB.

Unloading 4 unused Assets to reduce memory usage. Loaded Objects now: 1696.
Total: 1.936200 ms (FindLiveObjects: 0.150500 ms CreateObjectMapping: 0.047200 ms MarkObjects: 1.718200 ms  DeleteObjects: 0.018800 ms)

========================================================================
Received Import Request.
  Time since last request: 2925.089576 seconds.
  path: Assets/images/rekodo_honntai.png
  artifactKey: Guid(05bd4094ef289414e980d73b50a79443) Importer(815301076,1909f56bfc062723c751e8b465ee728b)
Start importing Assets/images/rekodo_honntai.png using Guid(05bd4094ef289414e980d73b50a79443) Importer(815301076,1909f56bfc062723c751e8b465ee728b)  -> (artifact id: '9c9288cf52e76763a94cc6d0df291220') in 0.121948 seconds
  Import took 0.190184 seconds .

========================================================================
Received Import Request.
  Time since last request: 0.000359 seconds.
  path: Assets/images/rekodo_honntai1.png
  artifactKey: Guid(bd131b29fb29138408cc494b7d444801) Importer(815301076,1909f56bfc062723c751e8b465ee728b)
Start importing Assets/images/rekodo_honntai1.png using Guid(bd131b29fb29138408cc494b7d444801) Importer(815301076,1909f56bfc062723c751e8b465ee728b)  -> (artifact id: '1c158a7ed570b1aa0e285f6b54299bf6') in 0.036085 seconds
  Import took 0.051388 seconds .

========================================================================
Received Import Request.
  Time since last request: 0.002736 seconds.
  path: Assets/images/rekodo_honntai1.png
  artifactKey: Guid(bd131b29fb29138408cc494b7d444801) Importer(815301076,1909f56bfc062723c751e8b465ee728b)
Start importing Assets/images/rekodo_honntai1.png using Guid(bd131b29fb29138408cc494b7d444801) Importer(815301076,1909f56bfc062723c751e8b465ee728b)  -> (artifact id: '1c158a7ed570b1aa0e285f6b54299bf6') in 0.025545 seconds
  Import took 0.028738 seconds .

========================================================================
Received Prepare
Registering precompiled user dll's ...
Registered in 0.002206 seconds.
Begin MonoManager ReloadAssembly
Native extension for WindowsStandalone target not found
Refreshing native plugins compatible for Editor in 0.28 ms, found 0 plugins.
Preloading 0 native plugins for Editor in 0.00 ms.
Mono: successfully reloaded assembly
- Completed reload, in  1.326 seconds
Platform modules already initialized, skipping
Refreshing native plugins compatible for Editor in 0.31 ms, found 0 plugins.
Preloading 0 native plugins for Editor in 0.00 ms.
Unloading 1139 Unused Serialized files (Serialized files now loaded: 0)
System memory in use before: 63.6 MB.
System memory in use after: 63.7 MB.

Unloading 4 unused Assets to reduce memory usage. Loaded Objects now: 1704.
Total: 2.096900 ms (FindLiveObjects: 0.160000 ms CreateObjectMapping: 0.046000 ms MarkObjects: 1.868800 ms  DeleteObjects: 0.020400 ms)

========================================================================
Received Prepare
Registering precompiled user dll's ...
Registered in 0.001988 seconds.
Begin MonoManager ReloadAssembly
Native extension for WindowsStandalone target not found
Refreshing native plugins compatible for Editor in 0.29 ms, found 0 plugins.
Preloading 0 native plugins for Editor in 0.00 ms.
Mono: successfully reloaded assembly
- Completed reload, in  1.351 seconds
Platform modules already initialized, skipping
Refreshing native plugins compatible for Editor in 0.30 ms, found 0 plugins.
Preloading 0 native plugins for Editor in 0.00 ms.
Unloading 1139 Unused Serialized files (Serialized files now loaded: 0)
System memory in use before: 63.6 MB.
System memory in use after: 63.7 MB.

Unloading 4 unused Assets to reduce memory usage. Loaded Objects now: 1707.
Total: 2.044500 ms (FindLiveObjects: 0.253000 ms CreateObjectMapping: 0.061700 ms MarkObjects: 1.709500 ms  DeleteObjects: 0.018600 ms)

========================================================================
Received Prepare
Registering precompiled user dll's ...
Registered in 0.002042 seconds.
Begin MonoManager ReloadAssembly
Native extension for WindowsStandalone target not found
Refreshing native plugins compatible for Editor in 0.32 ms, found 0 plugins.
Preloading 0 native plugins for Editor in 0.00 ms.
Mono: successfully reloaded assembly
- Completed reload, in  1.250 seconds
Platform modules already initialized, skipping
Refreshing native plugins compatible for Editor in 0.27 ms, found 0 plugins.
Preloading 0 native plugins for Editor in 0.00 ms.
Unloading 1139 Unused Serialized files (Serialized files now loaded: 0)
System memory in use before: 63.6 MB.
System memory in use after: 63.7 MB.

Unloading 4 unused Assets to reduce memory usage. Loaded Objects now: 1710.
Total: 2.043900 ms (FindLiveObjects: 0.157100 ms CreateObjectMapping: 0.047000 ms MarkObjects: 1.818000 ms  DeleteObjects: 0.020200 ms)

========================================================================
Received Import Request.
  Time since last request: 779.527545 seconds.
  path: Assets/scripts/Item/ItemListEntity.asset
  artifactKey: Guid(e9b699c2547032242afc0cd41d300b66) Importer(815301076,1909f56bfc062723c751e8b465ee728b)
Start importing Assets/scripts/Item/ItemListEntity.asset using Guid(e9b699c2547032242afc0cd41d300b66) Importer(815301076,1909f56bfc062723c751e8b465ee728b)  -> (artifact id: '881bbac59aaeac656c812441af626585') in 0.035501 seconds
  Import took 0.039039 seconds .

========================================================================
Received Prepare
Registering precompiled user dll's ...
Registered in 0.002137 seconds.
Begin MonoManager ReloadAssembly
Native extension for WindowsStandalone target not found
Refreshing native plugins compatible for Editor in 0.29 ms, found 0 plugins.
Preloading 0 native plugins for Editor in 0.00 ms.
Mono: successfully reloaded assembly
- Completed reload, in  1.423 seconds
Platform modules already initialized, skipping
Refreshing native plugins compatible for Editor in 0.79 ms, found 0 plugins.
Preloading 0 native plugins for Editor in 0.00 ms.
Unloading 1139 Unused Serialized files (Serialized files now loaded: 0)
System memory in use before: 63.6 MB.
System memory in use after: 63.7 MB.

Unloading 4 unused Assets to reduce memory usage. Loaded Objects now: 1713.
Total: 3.499600 ms (FindLiveObjects: 0.196200 ms CreateObjectMapping: 0.056700 ms MarkObjects: 3.214800 ms  DeleteObjects: 0.029700 ms)

========================================================================
Received Prepare
Registering precompiled user dll's ...
Registered in 0.001543 seconds.
Begin MonoManager ReloadAssembly
Native extension for WindowsStandalone target not found
Refreshing native plugins compatible for Editor in 0.33 ms, found 0 plugins.
Preloading 0 native plugins for Editor in 0.00 ms.
Mono: successfully reloaded assembly
- Completed reload, in  1.361 seconds
Platform modules already initialized, skipping
Refreshing native plugins compatible for Editor in 0.30 ms, found 0 plugins.
Preloading 0 native plugins for Editor in 0.00 ms.
Unloading 1139 Unused Serialized files (Serialized files now loaded: 0)
System memory in use before: 63.6 MB.
System memory in use after: 63.7 MB.

Unloading 4 unused Assets to reduce memory usage. Loaded Objects now: 1716.
Total: 1.757200 ms (FindLiveObjects: 0.151900 ms CreateObjectMapping: 0.047800 ms MarkObjects: 1.539500 ms  DeleteObjects: 0.016600 ms)

========================================================================
Received Prepare
Registering precompiled user dll's ...
Registered in 0.002086 seconds.
Begin MonoManager ReloadAssembly
Native extension for WindowsStandalone target not found
Refreshing native plugins compatible for Editor in 0.33 ms, found 0 plugins.
Preloading 0 native plugins for Editor in 0.00 ms.
Mono: successfully reloaded assembly
- Completed reload, in  1.738 seconds
Platform modules already initialized, skipping
Refreshing native plugins compatible for Editor in 0.32 ms, found 0 plugins.
Preloading 0 native plugins for Editor in 0.00 ms.
Unloading 1139 Unused Serialized files (Serialized files now loaded: 0)
System memory in use before: 63.6 MB.
System memory in use after: 63.7 MB.

Unloading 4 unused Assets to reduce memory usage. Loaded Objects now: 1719.
Total: 2.192200 ms (FindLiveObjects: 0.166900 ms CreateObjectMapping: 0.049100 ms MarkObjects: 1.952800 ms  DeleteObjects: 0.021500 ms)

========================================================================
Received Prepare
Registering precompiled user dll's ...
Registered in 0.002178 seconds.
Begin MonoManager ReloadAssembly
Native extension for WindowsStandalone target not found
Refreshing native plugins compatible for Editor in 0.36 ms, found 0 plugins.
Preloading 0 native plugins for Editor in 0.00 ms.
Mono: successfully reloaded assembly
- Completed reload, in  1.661 seconds
Platform modules already initialized, skipping
Refreshing native plugins compatible for Editor in 0.30 ms, found 0 plugins.
Preloading 0 native plugins for Editor in 0.00 ms.
Unloading 1139 Unused Serialized files (Serialized files now loaded: 0)
System memory in use before: 63.6 MB.
System memory in use after: 63.7 MB.

Unloading 4 unused Assets to reduce memory usage. Loaded Objects now: 1722.
Total: 2.399200 ms (FindLiveObjects: 0.183200 ms CreateObjectMapping: 0.075000 ms MarkObjects: 2.119600 ms  DeleteObjects: 0.019600 ms)

========================================================================
Received Prepare
Registering precompiled user dll's ...
Registered in 0.002594 seconds.
Begin MonoManager ReloadAssembly
Native extension for WindowsStandalone target not found
Refreshing native plugins compatible for Editor in 0.37 ms, found 0 plugins.
Preloading 0 native plugins for Editor in 0.00 ms.
Mono: successfully reloaded assembly
- Completed reload, in  1.786 seconds
Platform modules already initialized, skipping
Refreshing native plugins compatible for Editor in 0.37 ms, found 0 plugins.
Preloading 0 native plugins for Editor in 0.00 ms.
Unloading 1139 Unused Serialized files (Serialized files now loaded: 0)
System memory in use before: 63.6 MB.
System memory in use after: 63.7 MB.

Unloading 4 unused Assets to reduce memory usage. Loaded Objects now: 1725.
Total: 3.112400 ms (FindLiveObjects: 0.198300 ms CreateObjectMapping: 0.095800 ms MarkObjects: 2.783100 ms  DeleteObjects: 0.032800 ms)

========================================================================
Received Prepare
Registering precompiled user dll's ...
Registered in 0.001765 seconds.
Begin MonoManager ReloadAssembly
Native extension for WindowsStandalone target not found
Refreshing native plugins compatible for Editor in 0.28 ms, found 0 plugins.
Preloading 0 native plugins for Editor in 0.00 ms.
Mono: successfully reloaded assembly
- Completed reload, in  1.214 seconds
Platform modules already initialized, skipping
Refreshing native plugins compatible for Editor in 0.29 ms, found 0 plugins.
Preloading 0 native plugins for Editor in 0.00 ms.
Unloading 1139 Unused Serialized files (Serialized files now loaded: 0)
System memory in use before: 63.6 MB.
System memory in use after: 63.7 MB.

Unloading 4 unused Assets to reduce memory usage. Loaded Objects now: 1728.
Total: 1.838100 ms (FindLiveObjects: 0.155200 ms CreateObjectMapping: 0.047400 ms MarkObjects: 1.617500 ms  DeleteObjects: 0.016700 ms)

========================================================================
Received Prepare
Registering precompiled user dll's ...
Registered in 0.001416 seconds.
Begin MonoManager ReloadAssembly
Native extension for WindowsStandalone target not found
Refreshing native plugins compatible for Editor in 0.31 ms, found 0 plugins.
Preloading 0 native plugins for Editor in 0.00 ms.
Mono: successfully reloaded assembly
- Completed reload, in  1.418 seconds
Platform modules already initialized, skipping
Refreshing native plugins compatible for Editor in 0.28 ms, found 0 plugins.
Preloading 0 native plugins for Editor in 0.00 ms.
Unloading 1139 Unused Serialized files (Serialized files now loaded: 0)
System memory in use before: 63.6 MB.
System memory in use after: 63.7 MB.

Unloading 4 unused Assets to reduce memory usage. Loaded Objects now: 1731.
Total: 1.863300 ms (FindLiveObjects: 0.151600 ms CreateObjectMapping: 0.046000 ms MarkObjects: 1.644500 ms  DeleteObjects: 0.019500 ms)

========================================================================
Received Prepare
Registering precompiled user dll's ...
Registered in 0.002377 seconds.
Begin MonoManager ReloadAssembly
Native extension for WindowsStandalone target not found
Refreshing native plugins compatible for Editor in 0.30 ms, found 0 plugins.
Preloading 0 native plugins for Editor in 0.00 ms.
Mono: successfully reloaded assembly
- Completed reload, in  1.338 seconds
Platform modules already initialized, skipping
Refreshing native plugins compatible for Editor in 0.31 ms, found 0 plugins.
Preloading 0 native plugins for Editor in 0.00 ms.
Unloading 1139 Unused Serialized files (Serialized files now loaded: 0)
System memory in use before: 63.6 MB.
System memory in use after: 63.7 MB.

Unloading 4 unused Assets to reduce memory usage. Loaded Objects now: 1734.
Total: 2.430000 ms (FindLiveObjects: 0.396600 ms CreateObjectMapping: 0.068100 ms MarkObjects: 1.942100 ms  DeleteObjects: 0.020100 ms)

========================================================================
Received Prepare
Registering precompiled user dll's ...
Registered in 0.001685 seconds.
Begin MonoManager ReloadAssembly
Native extension for WindowsStandalone target not found
Refreshing native plugins compatible for Editor in 0.28 ms, found 0 plugins.
Preloading 0 native plugins for Editor in 0.00 ms.
Mono: successfully reloaded assembly
- Completed reload, in  1.261 seconds
Platform modules already initialized, skipping
Refreshing native plugins compatible for Editor in 0.33 ms, found 0 plugins.
Preloading 0 native plugins for Editor in 0.00 ms.
Unloading 1139 Unused Serialized files (Serialized files now loaded: 0)
System memory in use before: 63.6 MB.
System memory in use after: 63.7 MB.

Unloading 4 unused Assets to reduce memory usage. Loaded Objects now: 1737.
Total: 1.915100 ms (FindLiveObjects: 0.156400 ms CreateObjectMapping: 0.047200 ms MarkObjects: 1.694300 ms  DeleteObjects: 0.015600 ms)

========================================================================
Received Prepare
Registering precompiled user dll's ...
Registered in 0.002125 seconds.
Begin MonoManager ReloadAssembly
Native extension for WindowsStandalone target not found
Refreshing native plugins compatible for Editor in 0.30 ms, found 0 plugins.
Preloading 0 native plugins for Editor in 0.00 ms.
Mono: successfully reloaded assembly
- Completed reload, in  1.335 seconds
Platform modules already initialized, skipping
Refreshing native plugins compatible for Editor in 0.40 ms, found 0 plugins.
Preloading 0 native plugins for Editor in 0.00 ms.
Unloading 1139 Unused Serialized files (Serialized files now loaded: 0)
System memory in use before: 63.6 MB.
System memory in use after: 63.7 MB.

Unloading 4 unused Assets to reduce memory usage. Loaded Objects now: 1740.
Total: 2.369800 ms (FindLiveObjects: 0.172300 ms CreateObjectMapping: 0.047800 ms MarkObjects: 2.127200 ms  DeleteObjects: 0.020700 ms)

========================================================================
Received Import Request.
  Time since last request: 1646.103136 seconds.
  path: Assets/images/rekodo_hinto.png
  artifactKey: Guid(ddb2389c707f20d43a750eb4784d836a) Importer(815301076,1909f56bfc062723c751e8b465ee728b)
Start importing Assets/images/rekodo_hinto.png using Guid(ddb2389c707f20d43a750eb4784d836a) Importer(815301076,1909f56bfc062723c751e8b465ee728b)  -> (artifact id: '57fd5d1d783d7f16b1ee062c82ab1fc7') in 0.195125 seconds
  Import took 0.218491 seconds .

========================================================================
Received Prepare
Registering precompiled user dll's ...
Registered in 0.001601 seconds.
Begin MonoManager ReloadAssembly
Native extension for WindowsStandalone target not found
Refreshing native plugins compatible for Editor in 0.33 ms, found 0 plugins.
Preloading 0 native plugins for Editor in 0.00 ms.
Mono: successfully reloaded assembly
- Completed reload, in  1.642 seconds
Platform modules already initialized, skipping
Refreshing native plugins compatible for Editor in 0.30 ms, found 0 plugins.
Preloading 0 native plugins for Editor in 0.00 ms.
Unloading 1139 Unused Serialized files (Serialized files now loaded: 0)
System memory in use before: 63.7 MB.
System memory in use after: 63.8 MB.

Unloading 4 unused Assets to reduce memory usage. Loaded Objects now: 1746.
Total: 1.875400 ms (FindLiveObjects: 0.169900 ms CreateObjectMapping: 0.047100 ms MarkObjects: 1.638800 ms  DeleteObjects: 0.017100 ms)

========================================================================
Received Prepare
Registering precompiled user dll's ...
Registered in 0.001893 seconds.
Begin MonoManager ReloadAssembly
Native extension for WindowsStandalone target not found
Refreshing native plugins compatible for Editor in 0.42 ms, found 0 plugins.
Preloading 0 native plugins for Editor in 0.00 ms.
Mono: successfully reloaded assembly
- Completed reload, in  1.300 seconds
Platform modules already initialized, skipping
Refreshing native plugins compatible for Editor in 0.28 ms, found 0 plugins.
Preloading 0 native plugins for Editor in 0.00 ms.
Unloading 1139 Unused Serialized files (Serialized files now loaded: 0)
System memory in use before: 63.7 MB.
System memory in use after: 63.8 MB.

Unloading 4 unused Assets to reduce memory usage. Loaded Objects now: 1749.
Total: 1.975600 ms (FindLiveObjects: 0.166800 ms CreateObjectMapping: 0.049200 ms MarkObjects: 1.736300 ms  DeleteObjects: 0.021300 ms)

========================================================================
Received Prepare
Registering precompiled user dll's ...
Registered in 0.002551 seconds.
Begin MonoManager ReloadAssembly
Native extension for WindowsStandalone target not found
Refreshing native plugins compatible for Editor in 0.41 ms, found 0 plugins.
Preloading 0 native plugins for Editor in 0.00 ms.
Mono: successfully reloaded assembly
- Completed reload, in  1.517 seconds
Platform modules already initialized, skipping
Refreshing native plugins compatible for Editor in 0.48 ms, found 0 plugins.
Preloading 0 native plugins for Editor in 0.00 ms.
Unloading 1139 Unused Serialized files (Serialized files now loaded: 0)
System memory in use before: 63.7 MB.
System memory in use after: 63.8 MB.

Unloading 4 unused Assets to reduce memory usage. Loaded Objects now: 1752.
Total: 1.872300 ms (FindLiveObjects: 0.160900 ms CreateObjectMapping: 0.047200 ms MarkObjects: 1.645700 ms  DeleteObjects: 0.016600 ms)

========================================================================
Received Prepare
Registering precompiled user dll's ...
Registered in 0.001602 seconds.
Begin MonoManager ReloadAssembly
Native extension for WindowsStandalone target not found
Refreshing native plugins compatible for Editor in 0.42 ms, found 0 plugins.
Preloading 0 native plugins for Editor in 0.00 ms.
Mono: successfully reloaded assembly
- Completed reload, in  1.193 seconds
Platform modules already initialized, skipping
Refreshing native plugins compatible for Editor in 0.30 ms, found 0 plugins.
Preloading 0 native plugins for Editor in 0.00 ms.
Unloading 1139 Unused Serialized files (Serialized files now loaded: 0)
System memory in use before: 63.7 MB.
System memory in use after: 63.8 MB.

Unloading 4 unused Assets to reduce memory usage. Loaded Objects now: 1755.
Total: 1.888300 ms (FindLiveObjects: 0.183800 ms CreateObjectMapping: 0.060200 ms MarkObjects: 1.623700 ms  DeleteObjects: 0.018700 ms)

========================================================================
Received Import Request.
  Time since last request: 938.478802 seconds.
  path: Assets/images/rekodo_hinto 1.png
  artifactKey: Guid(552eae931b26a2b4c963fcc6e69353cf) Importer(815301076,1909f56bfc062723c751e8b465ee728b)
Start importing Assets/images/rekodo_hinto 1.png using Guid(552eae931b26a2b4c963fcc6e69353cf) Importer(815301076,1909f56bfc062723c751e8b465ee728b)  -> (artifact id: 'ef406d73460655b709fb82b8a108d069') in 0.105540 seconds
  Import took 0.130033 seconds .

========================================================================
Received Prepare
Registering precompiled user dll's ...
Registered in 0.001675 seconds.
Begin MonoManager ReloadAssembly
Native extension for WindowsStandalone target not found
Refreshing native plugins compatible for Editor in 0.28 ms, found 0 plugins.
Preloading 0 native plugins for Editor in 0.00 ms.
Mono: successfully reloaded assembly
- Completed reload, in  1.439 seconds
Platform modules already initialized, skipping
Refreshing native plugins compatible for Editor in 0.29 ms, found 0 plugins.
Preloading 0 native plugins for Editor in 0.00 ms.
Unloading 1139 Unused Serialized files (Serialized files now loaded: 0)
System memory in use before: 63.7 MB.
System memory in use after: 63.8 MB.

Unloading 4 unused Assets to reduce memory usage. Loaded Objects now: 1759.
Total: 2.575000 ms (FindLiveObjects: 0.224100 ms CreateObjectMapping: 0.086900 ms MarkObjects: 2.242200 ms  DeleteObjects: 0.020000 ms)

========================================================================
Received Import Request.
  Time since last request: 675.976327 seconds.
  path: Assets/images/shika_kuthiaki.png
  artifactKey: Guid(c73c1f86d9a33a7479306c454b05d78b) Importer(815301076,1909f56bfc062723c751e8b465ee728b)
Start importing Assets/images/shika_kuthiaki.png using Guid(c73c1f86d9a33a7479306c454b05d78b) Importer(815301076,1909f56bfc062723c751e8b465ee728b)  -> (artifact id: 'af1e92cad6c275e3264f5f5e2fc849e7') in 0.083623 seconds
  Import took 0.095273 seconds .

========================================================================
Received Import Request.
  Time since last request: 366.276140 seconds.
  path: Assets/images/doakagi.png
  artifactKey: Guid(06c6547f863bfd04b8bb68b1a01483dd) Importer(815301076,1909f56bfc062723c751e8b465ee728b)
Start importing Assets/images/doakagi.png using Guid(06c6547f863bfd04b8bb68b1a01483dd) Importer(815301076,1909f56bfc062723c751e8b465ee728b)  -> (artifact id: '370bbcf7deb4588532729346e7725b6d') in 0.029960 seconds
  Import took 0.094205 seconds .

========================================================================
Received Import Request.
  Time since last request: 0.000326 seconds.
  path: Assets/images/doakagi1.png
  artifactKey: Guid(13d1400bf2faa204bb1c02bb29dddbae) Importer(815301076,1909f56bfc062723c751e8b465ee728b)
Start importing Assets/images/doakagi1.png using Guid(13d1400bf2faa204bb1c02bb29dddbae) Importer(815301076,1909f56bfc062723c751e8b465ee728b)  -> (artifact id: '7693e512e9fe06563d105d8944d05385') in 0.026622 seconds
  Import took 0.029637 seconds .

========================================================================
Received Prepare
Registering precompiled user dll's ...
Registered in 0.001586 seconds.
Begin MonoManager ReloadAssembly
Native extension for WindowsStandalone target not found
Refreshing native plugins compatible for Editor in 0.34 ms, found 0 plugins.
Preloading 0 native plugins for Editor in 0.00 ms.
Mono: successfully reloaded assembly
- Completed reload, in  1.225 seconds
Platform modules already initialized, skipping
Refreshing native plugins compatible for Editor in 0.29 ms, found 0 plugins.
Preloading 0 native plugins for Editor in 0.00 ms.
Unloading 1139 Unused Serialized files (Serialized files now loaded: 0)
System memory in use before: 63.7 MB.
System memory in use after: 63.8 MB.

Unloading 4 unused Assets to reduce memory usage. Loaded Objects now: 1767.
Total: 1.894200 ms (FindLiveObjects: 0.179200 ms CreateObjectMapping: 0.053800 ms MarkObjects: 1.642700 ms  DeleteObjects: 0.016700 ms)

========================================================================
Received Import Request.
  Time since last request: 23.298368 seconds.
  path: Assets/images/tuno_migi.png
  artifactKey: Guid(849691ee48f26434b93325a8c0c199ba) Importer(815301076,1909f56bfc062723c751e8b465ee728b)
Start importing Assets/images/tuno_migi.png using Guid(849691ee48f26434b93325a8c0c199ba) Importer(815301076,1909f56bfc062723c751e8b465ee728b)  -> (artifact id: 'aeaf9e90eec0fc57b4b3e1e6239d94f6') in 0.068625 seconds
  Import took 0.089998 seconds .

========================================================================
Received Import Request.
  Time since last request: 0.000380 seconds.
  path: Assets/images/tuno_hidari.png
  artifactKey: Guid(3be2317e8e42a5a468f1f6afa5d6789a) Importer(815301076,1909f56bfc062723c751e8b465ee728b)
Start importing Assets/images/tuno_hidari.png using Guid(3be2317e8e42a5a468f1f6afa5d6789a) Importer(815301076,1909f56bfc062723c751e8b465ee728b)  -> (artifact id: '04cdd38e5efc770ed6759b34524b3570') in 0.023158 seconds
  Import took 0.027019 seconds .

AssetImportWorkerClient::OnTransportError - code=2 error=End of file
