Using pre-set license
Built from '2020.3/release' branch; Version is '2020.3.7f1 (dd97f2c94397) revision 14522354'; Using compiler version '192528614'; Build Type 'Release'
OS: 'Windows 10 Pro; OS build 19042.928; Version 2009; 64bit' Language: 'ja' Physical Memory: 16273 MB
BatchMode: 1, IsHumanControllingUs: 0, StartBugReporterOnCrash: 0, Is64bit: 1, IsPro: 0

 COMMAND LINE ARGUMENTS:
C:\Program Files\Unity\Hub\Editor\2020.3.7f1\Editor\Unity.exe
-adb2
-batchMode
-noUpm
-name
AssetImportWorker0
-projectPath
C:/Users/Studio 001/Documents/Unity/Nekototantei
-logFile
Logs/AssetImportWorker0.log
-srvPort
51344
Successfully changed project path to: C:/Users/Studio 001/Documents/Unity/Nekototantei
C:/Users/Studio 001/Documents/Unity/Nekototantei
Using Asset Import Pipeline V2.
Refreshing native plugins compatible for Editor in 76.70 ms, found 0 plugins.
Preloading 0 native plugins for Editor in 0.00 ms.
Initialize engine version: 2020.3.7f1 (dd97f2c94397)
[Subsystems] Discovering subsystems at path C:/Program Files/Unity/Hub/Editor/2020.3.7f1/Editor/Data/Resources/UnitySubsystems
[Subsystems] Discovering subsystems at path C:/Users/Studio 001/Documents/Unity/Nekototantei/Assets
GfxDevice: creating device client; threaded=0
Direct3D:
    Version:  Direct3D 11.0 [level 11.0]
    Renderer: NVIDIA Quadro K3000M (ID=0x11be)
    Vendor:   
    VRAM:     2018 MB
    Driver:   22.21.13.8205
Initialize mono
Mono path[0] = 'C:/Program Files/Unity/Hub/Editor/2020.3.7f1/Editor/Data/Managed'
Mono path[1] = 'C:/Program Files/Unity/Hub/Editor/2020.3.7f1/Editor/Data/MonoBleedingEdge/lib/mono/unityjit'
Mono config path = 'C:/Program Files/Unity/Hub/Editor/2020.3.7f1/Editor/Data/MonoBleedingEdge/etc'
Using monoOptions --debugger-agent=transport=dt_socket,embedding=1,server=y,suspend=n,address=127.0.0.1:56752
Begin MonoManager ReloadAssembly
Registering precompiled unity dll's ...
Register platform support module: C:/Program Files/Unity/Hub/Editor/2020.3.7f1/Editor/Data/PlaybackEngines/WindowsStandaloneSupport/UnityEditor.WindowsStandalone.Extensions.dll
Registered in 0.012496 seconds.
Native extension for WindowsStandalone target not found
Refreshing native plugins compatible for Editor in 40.47 ms, found 0 plugins.
Preloading 0 native plugins for Editor in 0.00 ms.
Mono: successfully reloaded assembly
- Completed reload, in  4.022 seconds
Platform modules already initialized, skipping
Registering precompiled user dll's ...
Registered in 0.001950 seconds.
Begin MonoManager ReloadAssembly
Native extension for WindowsStandalone target not found
Refreshing native plugins compatible for Editor in 0.28 ms, found 0 plugins.
Preloading 0 native plugins for Editor in 0.00 ms.
Mono: successfully reloaded assembly
- Completed reload, in  1.474 seconds
Platform modules already initialized, skipping
========================================================================
Worker process is ready to serve import requests
Launched and connected shader compiler UnityShaderCompiler.exe after 0.06 seconds
Refreshing native plugins compatible for Editor in 0.33 ms, found 0 plugins.
Preloading 0 native plugins for Editor in 0.00 ms.
Unloading 1134 Unused Serialized files (Serialized files now loaded: 0)
System memory in use before: 60.1 MB.
System memory in use after: 60.2 MB.

Unloading 9 unused Assets to reduce memory usage. Loaded Objects now: 1576.
Total: 2.304100 ms (FindLiveObjects: 0.299800 ms CreateObjectMapping: 0.059300 ms MarkObjects: 1.862400 ms  DeleteObjects: 0.080900 ms)

========================================================================
Received Import Request.
  path: Assets/scripts/otameshi/ItemListEntity.cs
  artifactKey: Guid(c239e967c43dbde4e8807f34eb16b75b) Importer(815301076,1909f56bfc062723c751e8b465ee728b)
Start importing Assets/scripts/otameshi/ItemListEntity.cs using Guid(c239e967c43dbde4e8807f34eb16b75b) Importer(815301076,1909f56bfc062723c751e8b465ee728b)  -> (artifact id: 'b8292b6822bb4283f86dcd94ef6bbb8c') in 0.138025 seconds
  Import took 0.162194 seconds .

========================================================================
Received Prepare
Registering precompiled user dll's ...
Registered in 0.006190 seconds.
Begin MonoManager ReloadAssembly
Native extension for WindowsStandalone target not found
Refreshing native plugins compatible for Editor in 0.30 ms, found 0 plugins.
Preloading 0 native plugins for Editor in 0.00 ms.
Mono: successfully reloaded assembly
- Completed reload, in  2.260 seconds
Platform modules already initialized, skipping
Refreshing native plugins compatible for Editor in 0.66 ms, found 0 plugins.
Preloading 0 native plugins for Editor in 0.00 ms.
Unloading 1128 Unused Serialized files (Serialized files now loaded: 0)
System memory in use before: 59.9 MB.
System memory in use after: 60.0 MB.

Unloading 4 unused Assets to reduce memory usage. Loaded Objects now: 1579.
Total: 2.938600 ms (FindLiveObjects: 0.290600 ms CreateObjectMapping: 0.061900 ms MarkObjects: 2.555100 ms  DeleteObjects: 0.028400 ms)

========================================================================
Received Prepare
Registering precompiled user dll's ...
Registered in 0.002061 seconds.
Begin MonoManager ReloadAssembly
Native extension for WindowsStandalone target not found
Refreshing native plugins compatible for Editor in 0.27 ms, found 0 plugins.
Preloading 0 native plugins for Editor in 0.00 ms.
Mono: successfully reloaded assembly
- Completed reload, in  1.194 seconds
Platform modules already initialized, skipping
Refreshing native plugins compatible for Editor in 0.27 ms, found 0 plugins.
Preloading 0 native plugins for Editor in 0.00 ms.
Unloading 1128 Unused Serialized files (Serialized files now loaded: 0)
System memory in use before: 60.0 MB.
System memory in use after: 60.1 MB.

Unloading 4 unused Assets to reduce memory usage. Loaded Objects now: 1582.
Total: 1.760400 ms (FindLiveObjects: 0.145700 ms CreateObjectMapping: 0.048700 ms MarkObjects: 1.541800 ms  DeleteObjects: 0.022300 ms)

========================================================================
Received Import Request.
  Time since last request: 133.015251 seconds.
  path: Assets/scripts/otameshi/ItemListEntity.cs
  artifactKey: Guid(c239e967c43dbde4e8807f34eb16b75b) Importer(815301076,1909f56bfc062723c751e8b465ee728b)
Start importing Assets/scripts/otameshi/ItemListEntity.cs using Guid(c239e967c43dbde4e8807f34eb16b75b) Importer(815301076,1909f56bfc062723c751e8b465ee728b)  -> (artifact id: '1a7789826da07f82cb253f68010a7360') in 0.006483 seconds
  Import took 0.031182 seconds .

========================================================================
Received Import Request.
  Time since last request: 16.304757 seconds.
  path: Assets/scripts/otameshi/ItemListEntity.asset
  artifactKey: Guid(e9b699c2547032242afc0cd41d300b66) Importer(815301076,1909f56bfc062723c751e8b465ee728b)
Start importing Assets/scripts/otameshi/ItemListEntity.asset using Guid(e9b699c2547032242afc0cd41d300b66) Importer(815301076,1909f56bfc062723c751e8b465ee728b)  -> (artifact id: '6a8005fcab06a4af5e24e398cf239b52') in 0.027944 seconds
  Import took 0.043473 seconds .

========================================================================
Received Prepare
Registering precompiled user dll's ...
Registered in 0.002146 seconds.
Begin MonoManager ReloadAssembly
Native extension for WindowsStandalone target not found
Refreshing native plugins compatible for Editor in 0.27 ms, found 0 plugins.
Preloading 0 native plugins for Editor in 0.00 ms.
Mono: successfully reloaded assembly
- Completed reload, in  1.226 seconds
Platform modules already initialized, skipping
Refreshing native plugins compatible for Editor in 0.30 ms, found 0 plugins.
Preloading 0 native plugins for Editor in 0.00 ms.
Unloading 1128 Unused Serialized files (Serialized files now loaded: 0)
System memory in use before: 60.0 MB.
System memory in use after: 60.1 MB.

Unloading 4 unused Assets to reduce memory usage. Loaded Objects now: 1585.
Total: 1.646400 ms (FindLiveObjects: 0.138400 ms CreateObjectMapping: 0.046800 ms MarkObjects: 1.445000 ms  DeleteObjects: 0.014500 ms)

========================================================================
Received Import Request.
  Time since last request: 140.856035 seconds.
  path: Assets/scripts/otameshi/ItemListEntity.asset
  artifactKey: Guid(e9b699c2547032242afc0cd41d300b66) Importer(815301076,1909f56bfc062723c751e8b465ee728b)
Start importing Assets/scripts/otameshi/ItemListEntity.asset using Guid(e9b699c2547032242afc0cd41d300b66) Importer(815301076,1909f56bfc062723c751e8b465ee728b)  -> (artifact id: '45598567d0a6e67f55811c004d7be2d9') in 0.020791 seconds
  Import took 0.023536 seconds .

========================================================================
Received Prepare
Registering precompiled user dll's ...
Registered in 0.001515 seconds.
Begin MonoManager ReloadAssembly
Native extension for WindowsStandalone target not found
Refreshing native plugins compatible for Editor in 0.27 ms, found 0 plugins.
Preloading 0 native plugins for Editor in 0.00 ms.
Mono: successfully reloaded assembly
- Completed reload, in  1.165 seconds
Platform modules already initialized, skipping
Refreshing native plugins compatible for Editor in 0.27 ms, found 0 plugins.
Preloading 0 native plugins for Editor in 0.00 ms.
Unloading 1128 Unused Serialized files (Serialized files now loaded: 0)
System memory in use before: 60.0 MB.
System memory in use after: 60.1 MB.

Unloading 4 unused Assets to reduce memory usage. Loaded Objects now: 1588.
Total: 1.735800 ms (FindLiveObjects: 0.147300 ms CreateObjectMapping: 0.046700 ms MarkObjects: 1.525000 ms  DeleteObjects: 0.015100 ms)

========================================================================
Received Import Request.
  Time since last request: 106.609237 seconds.
  path: Assets/scripts/otameshi/ItemGeneratar.cs
  artifactKey: Guid(cb635b099057ba744a7130f6640208f7) Importer(815301076,1909f56bfc062723c751e8b465ee728b)
Start importing Assets/scripts/otameshi/ItemGeneratar.cs using Guid(cb635b099057ba744a7130f6640208f7) Importer(815301076,1909f56bfc062723c751e8b465ee728b)  -> (artifact id: 'deef8deaf03dc6ab54469fccec9b31d0') in 0.010625 seconds
  Import took 0.074892 seconds .

========================================================================
Received Prepare
Registering precompiled user dll's ...
Registered in 0.001431 seconds.
Begin MonoManager ReloadAssembly
Native extension for WindowsStandalone target not found
Refreshing native plugins compatible for Editor in 0.27 ms, found 0 plugins.
Preloading 0 native plugins for Editor in 0.00 ms.
Mono: successfully reloaded assembly
- Completed reload, in  1.301 seconds
Platform modules already initialized, skipping
Refreshing native plugins compatible for Editor in 0.28 ms, found 0 plugins.
Preloading 0 native plugins for Editor in 0.00 ms.
Unloading 1129 Unused Serialized files (Serialized files now loaded: 0)
System memory in use before: 60.0 MB.
System memory in use after: 60.1 MB.

Unloading 4 unused Assets to reduce memory usage. Loaded Objects now: 1592.
Total: 1.890600 ms (FindLiveObjects: 0.254900 ms CreateObjectMapping: 0.061100 ms MarkObjects: 1.553800 ms  DeleteObjects: 0.018800 ms)

========================================================================
Received Import Request.
  Time since last request: 19.269725 seconds.
  path: Assets/scripts/otameshi/ItemGenerater.cs
  artifactKey: Guid(cb635b099057ba744a7130f6640208f7) Importer(815301076,1909f56bfc062723c751e8b465ee728b)
Start importing Assets/scripts/otameshi/ItemGenerater.cs using Guid(cb635b099057ba744a7130f6640208f7) Importer(815301076,1909f56bfc062723c751e8b465ee728b)  -> (artifact id: '5e4e921de03e2cc6f71bd880e33973bc') in 0.008802 seconds
  Import took 0.011867 seconds .

========================================================================
Received Prepare
Registering precompiled user dll's ...
Registered in 0.001969 seconds.
Begin MonoManager ReloadAssembly
Native extension for WindowsStandalone target not found
Refreshing native plugins compatible for Editor in 0.26 ms, found 0 plugins.
Preloading 0 native plugins for Editor in 0.00 ms.
Mono: successfully reloaded assembly
- Completed reload, in  1.247 seconds
Platform modules already initialized, skipping
Refreshing native plugins compatible for Editor in 0.28 ms, found 0 plugins.
Preloading 0 native plugins for Editor in 0.00 ms.
Unloading 1129 Unused Serialized files (Serialized files now loaded: 0)
System memory in use before: 60.0 MB.
System memory in use after: 60.1 MB.

Unloading 4 unused Assets to reduce memory usage. Loaded Objects now: 1595.
Total: 2.139300 ms (FindLiveObjects: 0.143500 ms CreateObjectMapping: 0.046400 ms MarkObjects: 1.927700 ms  DeleteObjects: 0.020000 ms)

========================================================================
Received Prepare
Registering precompiled user dll's ...
Registered in 0.001444 seconds.
Begin MonoManager ReloadAssembly
Native extension for WindowsStandalone target not found
Refreshing native plugins compatible for Editor in 0.27 ms, found 0 plugins.
Preloading 0 native plugins for Editor in 0.00 ms.
Mono: successfully reloaded assembly
- Completed reload, in  1.189 seconds
Platform modules already initialized, skipping
Refreshing native plugins compatible for Editor in 0.27 ms, found 0 plugins.
Preloading 0 native plugins for Editor in 0.00 ms.
Unloading 1129 Unused Serialized files (Serialized files now loaded: 0)
System memory in use before: 60.0 MB.
System memory in use after: 60.2 MB.

Unloading 4 unused Assets to reduce memory usage. Loaded Objects now: 1598.
Total: 1.724100 ms (FindLiveObjects: 0.153400 ms CreateObjectMapping: 0.047600 ms MarkObjects: 1.505800 ms  DeleteObjects: 0.015600 ms)

========================================================================
Received Import Request.
  Time since last request: 15.154288 seconds.
  path: Assets/scripts/otameshi/ItemGenerater.cs
  artifactKey: Guid(cb635b099057ba744a7130f6640208f7) Importer(815301076,1909f56bfc062723c751e8b465ee728b)
Start importing Assets/scripts/otameshi/ItemGenerater.cs using Guid(cb635b099057ba744a7130f6640208f7) Importer(815301076,1909f56bfc062723c751e8b465ee728b)  -> (artifact id: '56b85519fd7834d0e48ac20054d4b488') in 0.007315 seconds
  Import took 0.013460 seconds .

========================================================================
Received Prepare
Registering precompiled user dll's ...
Registered in 0.002279 seconds.
Begin MonoManager ReloadAssembly
Native extension for WindowsStandalone target not found
Refreshing native plugins compatible for Editor in 0.28 ms, found 0 plugins.
Preloading 0 native plugins for Editor in 0.00 ms.
Mono: successfully reloaded assembly
- Completed reload, in  1.144 seconds
Platform modules already initialized, skipping
Refreshing native plugins compatible for Editor in 0.27 ms, found 0 plugins.
Preloading 0 native plugins for Editor in 0.00 ms.
Unloading 1129 Unused Serialized files (Serialized files now loaded: 0)
System memory in use before: 60.1 MB.
System memory in use after: 60.2 MB.

Unloading 4 unused Assets to reduce memory usage. Loaded Objects now: 1601.
Total: 3.086400 ms (FindLiveObjects: 0.254200 ms CreateObjectMapping: 0.113900 ms MarkObjects: 2.689200 ms  DeleteObjects: 0.025900 ms)

========================================================================
Received Import Request.
  Time since last request: 892.584143 seconds.
  path: Assets/scripts/otameshi/ItemGenerater.cs
  artifactKey: Guid(cb635b099057ba744a7130f6640208f7) Importer(815301076,1909f56bfc062723c751e8b465ee728b)
Start importing Assets/scripts/otameshi/ItemGenerater.cs using Guid(cb635b099057ba744a7130f6640208f7) Importer(815301076,1909f56bfc062723c751e8b465ee728b)  -> (artifact id: '47ee3e6722c3b19f00046518c44f35ec') in 0.013604 seconds
  Import took 0.017796 seconds .

========================================================================
Received Prepare
Registering precompiled user dll's ...
Registered in 0.001425 seconds.
Begin MonoManager ReloadAssembly
Native extension for WindowsStandalone target not found
Refreshing native plugins compatible for Editor in 0.27 ms, found 0 plugins.
Preloading 0 native plugins for Editor in 0.00 ms.
Mono: successfully reloaded assembly
- Completed reload, in  1.200 seconds
Platform modules already initialized, skipping
Refreshing native plugins compatible for Editor in 0.27 ms, found 0 plugins.
Preloading 0 native plugins for Editor in 0.00 ms.
Unloading 1129 Unused Serialized files (Serialized files now loaded: 0)
System memory in use before: 60.1 MB.
System memory in use after: 60.2 MB.

Unloading 4 unused Assets to reduce memory usage. Loaded Objects now: 1604.
Total: 3.777000 ms (FindLiveObjects: 0.271900 ms CreateObjectMapping: 0.106400 ms MarkObjects: 3.355200 ms  DeleteObjects: 0.040100 ms)

========================================================================
Received Prepare
Registering precompiled user dll's ...
Registered in 0.001474 seconds.
Begin MonoManager ReloadAssembly
Native extension for WindowsStandalone target not found
Refreshing native plugins compatible for Editor in 0.48 ms, found 0 plugins.
Preloading 0 native plugins for Editor in 0.00 ms.
Mono: successfully reloaded assembly
- Completed reload, in  1.262 seconds
Platform modules already initialized, skipping
Refreshing native plugins compatible for Editor in 0.27 ms, found 0 plugins.
Preloading 0 native plugins for Editor in 0.00 ms.
Unloading 1129 Unused Serialized files (Serialized files now loaded: 0)
System memory in use before: 60.1 MB.
System memory in use after: 60.2 MB.

Unloading 4 unused Assets to reduce memory usage. Loaded Objects now: 1607.
Total: 2.212000 ms (FindLiveObjects: 0.138800 ms CreateObjectMapping: 0.047000 ms MarkObjects: 2.008800 ms  DeleteObjects: 0.015400 ms)

========================================================================
Received Prepare
Registering precompiled user dll's ...
Registered in 0.001403 seconds.
Begin MonoManager ReloadAssembly
Native extension for WindowsStandalone target not found
Refreshing native plugins compatible for Editor in 0.28 ms, found 0 plugins.
Preloading 0 native plugins for Editor in 0.00 ms.
Mono: successfully reloaded assembly
- Completed reload, in  1.107 seconds
Platform modules already initialized, skipping
Refreshing native plugins compatible for Editor in 0.28 ms, found 0 plugins.
Preloading 0 native plugins for Editor in 0.00 ms.
Unloading 1129 Unused Serialized files (Serialized files now loaded: 0)
System memory in use before: 60.1 MB.
System memory in use after: 60.2 MB.

Unloading 4 unused Assets to reduce memory usage. Loaded Objects now: 1610.
Total: 1.698700 ms (FindLiveObjects: 0.146000 ms CreateObjectMapping: 0.046700 ms MarkObjects: 1.487700 ms  DeleteObjects: 0.016500 ms)

========================================================================
Received Prepare
Registering precompiled user dll's ...
Registered in 0.001461 seconds.
Begin MonoManager ReloadAssembly
Native extension for WindowsStandalone target not found
Refreshing native plugins compatible for Editor in 0.27 ms, found 0 plugins.
Preloading 0 native plugins for Editor in 0.00 ms.
Mono: successfully reloaded assembly
- Completed reload, in  1.190 seconds
Platform modules already initialized, skipping
Refreshing native plugins compatible for Editor in 0.29 ms, found 0 plugins.
Preloading 0 native plugins for Editor in 0.00 ms.
Unloading 1129 Unused Serialized files (Serialized files now loaded: 0)
System memory in use before: 60.1 MB.
System memory in use after: 60.2 MB.

Unloading 4 unused Assets to reduce memory usage. Loaded Objects now: 1613.
Total: 3.491700 ms (FindLiveObjects: 0.256500 ms CreateObjectMapping: 0.115200 ms MarkObjects: 3.087200 ms  DeleteObjects: 0.029700 ms)

========================================================================
Received Prepare
Registering precompiled user dll's ...
Registered in 0.001393 seconds.
Begin MonoManager ReloadAssembly
Native extension for WindowsStandalone target not found
Refreshing native plugins compatible for Editor in 0.27 ms, found 0 plugins.
Preloading 0 native plugins for Editor in 0.00 ms.
Mono: successfully reloaded assembly
- Completed reload, in  1.144 seconds
Platform modules already initialized, skipping
Refreshing native plugins compatible for Editor in 0.28 ms, found 0 plugins.
Preloading 0 native plugins for Editor in 0.00 ms.
Unloading 1129 Unused Serialized files (Serialized files now loaded: 0)
System memory in use before: 60.1 MB.
System memory in use after: 60.2 MB.

Unloading 4 unused Assets to reduce memory usage. Loaded Objects now: 1616.
Total: 2.802900 ms (FindLiveObjects: 0.494700 ms CreateObjectMapping: 0.069600 ms MarkObjects: 2.215700 ms  DeleteObjects: 0.019100 ms)

========================================================================
Received Prepare
Registering precompiled user dll's ...
Registered in 0.001403 seconds.
Begin MonoManager ReloadAssembly
Native extension for WindowsStandalone target not found
Refreshing native plugins compatible for Editor in 0.36 ms, found 0 plugins.
Preloading 0 native plugins for Editor in 0.00 ms.
Mono: successfully reloaded assembly
- Completed reload, in  1.167 seconds
Platform modules already initialized, skipping
Refreshing native plugins compatible for Editor in 0.27 ms, found 0 plugins.
Preloading 0 native plugins for Editor in 0.00 ms.
Unloading 1129 Unused Serialized files (Serialized files now loaded: 0)
System memory in use before: 60.1 MB.
System memory in use after: 60.2 MB.

Unloading 4 unused Assets to reduce memory usage. Loaded Objects now: 1619.
Total: 1.860300 ms (FindLiveObjects: 0.201800 ms CreateObjectMapping: 0.046300 ms MarkObjects: 1.593700 ms  DeleteObjects: 0.016300 ms)

========================================================================
Received Prepare
Registering precompiled user dll's ...
Registered in 0.001413 seconds.
Begin MonoManager ReloadAssembly
Native extension for WindowsStandalone target not found
Refreshing native plugins compatible for Editor in 0.31 ms, found 0 plugins.
Preloading 0 native plugins for Editor in 0.00 ms.
Mono: successfully reloaded assembly
- Completed reload, in  1.160 seconds
Platform modules already initialized, skipping
Refreshing native plugins compatible for Editor in 0.27 ms, found 0 plugins.
Preloading 0 native plugins for Editor in 0.00 ms.
Unloading 1129 Unused Serialized files (Serialized files now loaded: 0)
System memory in use before: 60.1 MB.
System memory in use after: 60.2 MB.

Unloading 4 unused Assets to reduce memory usage. Loaded Objects now: 1622.
Total: 2.108300 ms (FindLiveObjects: 0.284900 ms CreateObjectMapping: 0.078900 ms MarkObjects: 1.724200 ms  DeleteObjects: 0.018300 ms)

========================================================================
Received Import Request.
  Time since last request: 1887.301547 seconds.
  path: Assets/scripts/Gimmick/NekojarashiA1.cs
  artifactKey: Guid(f1a3dc5bb217a904c810ec8e3b65fc3c) Importer(815301076,1909f56bfc062723c751e8b465ee728b)
Start importing Assets/scripts/Gimmick/NekojarashiA1.cs using Guid(f1a3dc5bb217a904c810ec8e3b65fc3c) Importer(815301076,1909f56bfc062723c751e8b465ee728b)  -> (artifact id: '056ed906ff660a7a48da360b0ca14dc7') in 0.009972 seconds
  Import took 0.037016 seconds .

========================================================================
Received Import Request.
  Time since last request: 10.611669 seconds.
  path: Assets/scripts/Gimmick/NekojarashiB1.cs
  artifactKey: Guid(e9ef5f6ab2941a24591e688fd758a1b7) Importer(815301076,1909f56bfc062723c751e8b465ee728b)
Start importing Assets/scripts/Gimmick/NekojarashiB1.cs using Guid(e9ef5f6ab2941a24591e688fd758a1b7) Importer(815301076,1909f56bfc062723c751e8b465ee728b)  -> (artifact id: '2dbaf5a75655565a5e47cef49612706d') in 0.007482 seconds
  Import took 0.010255 seconds .

========================================================================
Received Import Request.
  Time since last request: 0.090637 seconds.
  path: Assets/scripts/Gimmick/NekojarashiB1.cs
  artifactKey: Guid(e9ef5f6ab2941a24591e688fd758a1b7) Importer(815301076,1909f56bfc062723c751e8b465ee728b)
Start importing Assets/scripts/Gimmick/NekojarashiB1.cs using Guid(e9ef5f6ab2941a24591e688fd758a1b7) Importer(815301076,1909f56bfc062723c751e8b465ee728b)  -> (artifact id: '2dbaf5a75655565a5e47cef49612706d') in 0.015534 seconds
  Import took 0.021381 seconds .

========================================================================
Received Prepare
Registering precompiled user dll's ...
Registered in 0.001440 seconds.
Begin MonoManager ReloadAssembly
Native extension for WindowsStandalone target not found
Refreshing native plugins compatible for Editor in 0.27 ms, found 0 plugins.
Preloading 0 native plugins for Editor in 0.00 ms.
Mono: successfully reloaded assembly
- Completed reload, in  1.140 seconds
Platform modules already initialized, skipping
Refreshing native plugins compatible for Editor in 0.27 ms, found 0 plugins.
Preloading 0 native plugins for Editor in 0.00 ms.
Unloading 1129 Unused Serialized files (Serialized files now loaded: 0)
System memory in use before: 60.1 MB.
System memory in use after: 60.2 MB.

Unloading 4 unused Assets to reduce memory usage. Loaded Objects now: 1625.
Total: 1.812900 ms (FindLiveObjects: 0.158300 ms CreateObjectMapping: 0.047400 ms MarkObjects: 1.588300 ms  DeleteObjects: 0.017100 ms)

========================================================================
Received Prepare
Registering precompiled user dll's ...
Registered in 0.001411 seconds.
Begin MonoManager ReloadAssembly
Native extension for WindowsStandalone target not found
Refreshing native plugins compatible for Editor in 0.27 ms, found 0 plugins.
Preloading 0 native plugins for Editor in 0.00 ms.
Mono: successfully reloaded assembly
- Completed reload, in  1.249 seconds
Platform modules already initialized, skipping
Refreshing native plugins compatible for Editor in 0.27 ms, found 0 plugins.
Preloading 0 native plugins for Editor in 0.00 ms.
Unloading 1129 Unused Serialized files (Serialized files now loaded: 0)
System memory in use before: 60.1 MB.
System memory in use after: 60.2 MB.

Unloading 4 unused Assets to reduce memory usage. Loaded Objects now: 1628.
Total: 1.717700 ms (FindLiveObjects: 0.168800 ms CreateObjectMapping: 0.049500 ms MarkObjects: 1.481300 ms  DeleteObjects: 0.014500 ms)

========================================================================
Received Prepare
Registering precompiled user dll's ...
Registered in 0.001656 seconds.
Begin MonoManager ReloadAssembly
Native extension for WindowsStandalone target not found
Refreshing native plugins compatible for Editor in 0.30 ms, found 0 plugins.
Preloading 0 native plugins for Editor in 0.00 ms.
Mono: successfully reloaded assembly
- Completed reload, in  1.306 seconds
Platform modules already initialized, skipping
Refreshing native plugins compatible for Editor in 0.27 ms, found 0 plugins.
Preloading 0 native plugins for Editor in 0.00 ms.
Unloading 1129 Unused Serialized files (Serialized files now loaded: 0)
System memory in use before: 60.1 MB.
System memory in use after: 60.2 MB.

Unloading 4 unused Assets to reduce memory usage. Loaded Objects now: 1631.
Total: 2.224800 ms (FindLiveObjects: 0.176100 ms CreateObjectMapping: 0.055500 ms MarkObjects: 1.972000 ms  DeleteObjects: 0.019500 ms)

========================================================================
Received Prepare
Registering precompiled user dll's ...
Registered in 0.001452 seconds.
Begin MonoManager ReloadAssembly
Native extension for WindowsStandalone target not found
Refreshing native plugins compatible for Editor in 0.27 ms, found 0 plugins.
Preloading 0 native plugins for Editor in 0.00 ms.
Mono: successfully reloaded assembly
- Completed reload, in  1.189 seconds
Platform modules already initialized, skipping
Refreshing native plugins compatible for Editor in 0.27 ms, found 0 plugins.
Preloading 0 native plugins for Editor in 0.00 ms.
Unloading 1129 Unused Serialized files (Serialized files now loaded: 0)
System memory in use before: 60.1 MB.
System memory in use after: 60.2 MB.

Unloading 4 unused Assets to reduce memory usage. Loaded Objects now: 1634.
Total: 1.823100 ms (FindLiveObjects: 0.139800 ms CreateObjectMapping: 0.047600 ms MarkObjects: 1.619700 ms  DeleteObjects: 0.014900 ms)

========================================================================
Received Import Request.
  Time since last request: 5030.680017 seconds.
  path: Assets/scripts/tukatteinai/Nekojarashi.cs
  artifactKey: Guid(848f7750e80824348a03597f4c3a9cf5) Importer(815301076,1909f56bfc062723c751e8b465ee728b)
Start importing Assets/scripts/tukatteinai/Nekojarashi.cs using Guid(848f7750e80824348a03597f4c3a9cf5) Importer(815301076,1909f56bfc062723c751e8b465ee728b)  -> (artifact id: 'd8c51d38aa967a184f3f018651cbc38d') in 0.009587 seconds
  Import took 0.012703 seconds .

========================================================================
Received Prepare
Registering precompiled user dll's ...
Registered in 0.002107 seconds.
Begin MonoManager ReloadAssembly
Native extension for WindowsStandalone target not found
Refreshing native plugins compatible for Editor in 0.28 ms, found 0 plugins.
Preloading 0 native plugins for Editor in 0.00 ms.
Mono: successfully reloaded assembly
- Completed reload, in  1.167 seconds
Platform modules already initialized, skipping
Refreshing native plugins compatible for Editor in 0.30 ms, found 0 plugins.
Preloading 0 native plugins for Editor in 0.00 ms.
Unloading 1129 Unused Serialized files (Serialized files now loaded: 0)
System memory in use before: 60.1 MB.
System memory in use after: 60.2 MB.

Unloading 4 unused Assets to reduce memory usage. Loaded Objects now: 1637.
Total: 2.279700 ms (FindLiveObjects: 0.389400 ms CreateObjectMapping: 0.082000 ms MarkObjects: 1.786900 ms  DeleteObjects: 0.019100 ms)

========================================================================
Received Import Request.
  Time since last request: 426.587817 seconds.
  path: Assets/scripts/otameshi/Slot.cs
  artifactKey: Guid(8488f9f1ac5860e44a17e8ec662e49f4) Importer(815301076,1909f56bfc062723c751e8b465ee728b)
Start importing Assets/scripts/otameshi/Slot.cs using Guid(8488f9f1ac5860e44a17e8ec662e49f4) Importer(815301076,1909f56bfc062723c751e8b465ee728b)  -> (artifact id: '6c5344562f30f5d33d923338880f4919') in 0.008907 seconds
  Import took 0.021163 seconds .

========================================================================
Received Import Request.
  Time since last request: 0.093393 seconds.
  path: Assets/scripts/otameshi/Slot.cs
  artifactKey: Guid(8488f9f1ac5860e44a17e8ec662e49f4) Importer(815301076,1909f56bfc062723c751e8b465ee728b)
Start importing Assets/scripts/otameshi/Slot.cs using Guid(8488f9f1ac5860e44a17e8ec662e49f4) Importer(815301076,1909f56bfc062723c751e8b465ee728b)  -> (artifact id: '6c5344562f30f5d33d923338880f4919') in 0.006598 seconds
  Import took 0.009772 seconds .

========================================================================
Received Import Request.
  Time since last request: 0.364230 seconds.
  path: Assets/scripts/otameshi/PickupObj.cs
  artifactKey: Guid(71f513ffaf0a5054e9d180771143353b) Importer(815301076,1909f56bfc062723c751e8b465ee728b)
Start importing Assets/scripts/otameshi/PickupObj.cs using Guid(71f513ffaf0a5054e9d180771143353b) Importer(815301076,1909f56bfc062723c751e8b465ee728b)  -> (artifact id: '81b7debaf49b099d9765ab60bd31e954') in 0.004895 seconds
  Import took 0.028360 seconds .

========================================================================
Received Prepare
Registering precompiled user dll's ...
Registered in 0.001653 seconds.
Begin MonoManager ReloadAssembly
Native extension for WindowsStandalone target not found
Refreshing native plugins compatible for Editor in 0.27 ms, found 0 plugins.
Preloading 0 native plugins for Editor in 0.00 ms.
Mono: successfully reloaded assembly
- Completed reload, in  1.244 seconds
Platform modules already initialized, skipping
Refreshing native plugins compatible for Editor in 0.37 ms, found 0 plugins.
Preloading 0 native plugins for Editor in 0.00 ms.
Unloading 1129 Unused Serialized files (Serialized files now loaded: 0)
System memory in use before: 60.1 MB.
System memory in use after: 60.2 MB.

Unloading 4 unused Assets to reduce memory usage. Loaded Objects now: 1640.
Total: 1.797000 ms (FindLiveObjects: 0.244100 ms CreateObjectMapping: 0.056400 ms MarkObjects: 1.479100 ms  DeleteObjects: 0.015700 ms)

========================================================================
Received Prepare
Registering precompiled user dll's ...
Registered in 0.002835 seconds.
Begin MonoManager ReloadAssembly
Native extension for WindowsStandalone target not found
Refreshing native plugins compatible for Editor in 0.32 ms, found 0 plugins.
Preloading 0 native plugins for Editor in 0.00 ms.
Mono: successfully reloaded assembly
- Completed reload, in  1.157 seconds
Platform modules already initialized, skipping
Refreshing native plugins compatible for Editor in 0.32 ms, found 0 plugins.
Preloading 0 native plugins for Editor in 0.00 ms.
Unloading 1129 Unused Serialized files (Serialized files now loaded: 0)
System memory in use before: 60.1 MB.
System memory in use after: 60.2 MB.

Unloading 4 unused Assets to reduce memory usage. Loaded Objects now: 1643.
Total: 1.768200 ms (FindLiveObjects: 0.153200 ms CreateObjectMapping: 0.045800 ms MarkObjects: 1.552100 ms  DeleteObjects: 0.015600 ms)

========================================================================
Received Import Request.
  Time since last request: 73.916821 seconds.
  path: Assets/scripts/otameshi/ItemListEntity.asset
  artifactKey: Guid(e9b699c2547032242afc0cd41d300b66) Importer(815301076,1909f56bfc062723c751e8b465ee728b)
Start importing Assets/scripts/otameshi/ItemListEntity.asset using Guid(e9b699c2547032242afc0cd41d300b66) Importer(815301076,1909f56bfc062723c751e8b465ee728b)  -> (artifact id: 'f5932061f8c39c44f85ead08c97d9fc1') in 0.079844 seconds
  Import took 0.084741 seconds .

AssetImportWorkerClient::OnTransportError - code=2 error=End of file
